This file contains any messages produced by compilers while
running configure, to aid debugging if configure makes a mistake.

It was created by w3m configure 0.4.2, which was
generated by GNU Autoconf 2.59.  Invocation command line was

  $ ./configure 

## --------- ##
## Platform. ##
## --------- ##

hostname = ob38.workgroup.local
uname -m = i386
uname -r = 3.8
uname -s = OpenBSD
uname -v = GENERIC#138

/usr/bin/uname -p = Intel Pentium/MMX ("GenuineIntel" 586-class)
/bin/uname -X     = unknown

/bin/arch              = unknown
/usr/bin/arch -k       = OpenBSD.i386
/usr/convex/getsysinfo = unknown
hostinfo               = unknown
/bin/machine           = unknown
/usr/bin/oslevel       = unknown
/bin/universe          = unknown

PATH: /usr/bin
PATH: /bin
PATH: /usr/sbin
PATH: /sbin
PATH: /usr/X11R6/bin
PATH: /usr/local/bin


## ----------- ##
## Core tests. ##
## ----------- ##

configure:1389: checking for gawk
configure:1418: result: no
configure:1389: checking for mawk
configure:1418: result: no
configure:1389: checking for nawk
configure:1405: found /usr/bin/nawk
configure:1415: result: nawk
configure:1471: checking for gcc
configure:1487: found /usr/bin/gcc
configure:1497: result: gcc
configure:1741: checking for C compiler version
configure:1744: gcc --version </dev/null >&5
gcc (GCC) 4.0.2 20050804 (prerelease)
Copyright (C) 2005 Free Software Foundation, Inc.
This is free software; see the source for copying conditions.  There is NO
warranty; not even for MERCHANTABILITY or FITNESS FOR A PARTICULAR PURPOSE.

configure:1747: $? = 0
configure:1749: gcc -v </dev/null >&5
Using built-in specs.
Target: i386-unknown-openbsd3.8
Configured with: /usr/obj/i386/gcc-4.0-20050804/gcc-4.0-20050804/configure --with-gmp=/usr/local --verbose --program-transform-name=s,^,e, --disable-nls --disable-checking --with-system-zlib --enable-libmudflap --enable-languages=c,c++,f95,objc,ada --enable-cpp --with-gnu-as --with-gnu-ld --enable-shared --prefix=/usr/local --sysconfdir=/etc
Thread model: single
gcc version 4.0.2 20050804 (prerelease)
configure:1752: $? = 0
configure:1754: gcc -V </dev/null >&5
gcc: '-V' option must have argument
configure:1757: $? = 1
configure:1780: checking for C compiler default output file name
configure:1783: gcc    conftest.c  >&5
configure:1786: $? = 0
configure:1832: result: a.out
configure:1837: checking whether the C compiler works
configure:1843: ./a.out
configure:1846: $? = 0
configure:1863: result: yes
configure:1870: checking whether we are cross compiling
configure:1872: result: no
configure:1875: checking for suffix of executables
configure:1877: gcc -o conftest    conftest.c  >&5
configure:1880: $? = 0
configure:1905: result: 
configure:1911: checking for suffix of object files
configure:1932: gcc -c   conftest.c >&5
configure:1935: $? = 0
configure:1957: result: o
configure:1961: checking whether we are using the GNU C compiler
configure:1985: gcc -c   conftest.c >&5
configure:1991: $? = 0
configure:1994: test -z 			 || test ! -s conftest.err
configure:1997: $? = 0
configure:2000: test -s conftest.o
configure:2003: $? = 0
configure:2016: result: yes
configure:2022: checking whether gcc accepts -g
configure:2043: gcc -c -g  conftest.c >&5
configure:2049: $? = 0
configure:2052: test -z 			 || test ! -s conftest.err
configure:2055: $? = 0
configure:2058: test -s conftest.o
configure:2061: $? = 0
configure:2072: result: yes
configure:2089: checking for gcc option to accept ANSI C
configure:2159: gcc  -c -g -O2  conftest.c >&5
configure:2165: $? = 0
configure:2168: test -z 			 || test ! -s conftest.err
configure:2171: $? = 0
configure:2174: test -s conftest.o
configure:2177: $? = 0
configure:2195: result: none needed
configure:2213: gcc -c -g -O2  conftest.c >&5
conftest.c:2: error: parse error before 'me'
configure:2219: $? = 1
configure: failed program was:
| #ifndef __cplusplus
|   choke me
| #endif
configure:2354: checking how to run the C preprocessor
configure:2389: gcc -E  conftest.c
configure:2395: $? = 0
configure:2427: gcc -E  conftest.c
conftest.c:12:28: error: ac_nonexistent.h: No such file or directory
configure:2433: $? = 1
configure: failed program was:
| /* confdefs.h.  */
| 
| #define PACKAGE_NAME "w3m"
| #define PACKAGE_TARNAME "w3m"
| #define PACKAGE_VERSION "0.4.2"
| #define PACKAGE_STRING "w3m 0.4.2"
| #define PACKAGE_BUGREPORT "ukai@debian.or.jp"
| #define PACKAGE "w3m"
| #define VERSION "0.4.2"
| #define W3M w3m
| /* end confdefs.h.  */
| #include <ac_nonexistent.h>
configure:2472: result: gcc -E
configure:2496: gcc -E  conftest.c
configure:2502: $? = 0
configure:2534: gcc -E  conftest.c
conftest.c:12:28: error: ac_nonexistent.h: No such file or directory
configure:2540: $? = 1
configure: failed program was:
| /* confdefs.h.  */
| 
| #define PACKAGE_NAME "w3m"
| #define PACKAGE_TARNAME "w3m"
| #define PACKAGE_VERSION "0.4.2"
| #define PACKAGE_STRING "w3m 0.4.2"
| #define PACKAGE_BUGREPORT "ukai@debian.or.jp"
| #define PACKAGE "w3m"
| #define VERSION "0.4.2"
| #define W3M w3m
| /* end confdefs.h.  */
| #include <ac_nonexistent.h>
configure:2621: checking for a BSD-compatible install
configure:2676: result: /usr/bin/install -c
configure:2687: checking whether ln -s works
configure:2691: result: yes
configure:2698: checking whether make sets $(MAKE)
configure:2718: result: yes
configure:2768: checking for ranlib
configure:2784: found /usr/bin/ranlib
configure:2795: result: ranlib
configure:2811: checking for perl
configure:2829: found /usr/bin/perl
configure:2841: result: /usr/bin/perl
configure:2856: checking for nkf
configure:2889: result: no
configure:2901: checking for man
configure:2919: found /usr/bin/man
configure:2931: result: /usr/bin/man
configure:2948: checking build system type
configure:2966: result: i386-unknown-openbsd3.8
configure:2974: checking host system type
configure:2988: result: i386-unknown-openbsd3.8
configure:2996: checking target system type
configure:3010: result: i386-unknown-openbsd3.8
configure:3054: checking if m17n support is enabled
configure:3063: result: yes
configure:3083: checking if unicode support is enabled
configure:3092: result: yes
configure:3109: checking if message l10n
configure:3121: result: no
configure:3129: checking if japanese support is enabled
configure:3138: result: no
configure:3152: checking which charset is used for display
configure:3160: result: UTF-8
configure:3235: checking whether NLS is requested
configure:3244: result: yes
configure:3282: checking for msgfmt
configure:3313: result: /usr/local/bin/msgfmt
configure:3322: checking for gmsgfmt
configure:3353: result: /usr/local/bin/msgfmt
configure:3392: checking for xgettext
configure:3426: result: no
configure:3463: checking for msgmerge
configure:3496: result: no
configure:3568: checking for ld used by GCC
configure:3632: result: /usr/bin/ld
configure:3641: checking if the linker (/usr/bin/ld) is GNU ld
configure:3654: result: yes
configure:3660: checking for shared library run path origin
configure:3673: result: done
configure:4090: checking whether NLS is requested
configure:4099: result: yes
configure:4117: checking for GNU gettext in libc
configure:4141: gcc -o conftest -g -O2 -I$(srcdir)/libwc   conftest.c  >&5
/tmp//ccoi7580.o(.text+0x17): In function `main':
/home/harrison/.emacs.d/pkgs/w3m-0.5/conftest.c:27: undefined reference to `bindtextdomain'
/tmp//ccoi7580.o(.text+0x23):/home/harrison/.emacs.d/pkgs/w3m-0.5/conftest.c:28: undefined reference to `gettext'
/tmp//ccoi7580.o(.text+0x29):/home/harrison/.emacs.d/pkgs/w3m-0.5/conftest.c:28: undefined reference to `_nl_msg_cat_cntr'
/tmp//ccoi7580.o(.text+0x2f):/home/harrison/.emacs.d/pkgs/w3m-0.5/conftest.c:28: undefined reference to `_nl_domain_bindings'
collect2: ld returned 1 exit status
configure:4147: $? = 1
configure: failed program was:
| /* confdefs.h.  */
| 
| #define PACKAGE_NAME "w3m"
| #define PACKAGE_TARNAME "w3m"
| #define PACKAGE_VERSION "0.4.2"
| #define PACKAGE_STRING "w3m 0.4.2"
| #define PACKAGE_BUGREPORT "ukai@debian.or.jp"
| #define PACKAGE "w3m"
| #define VERSION "0.4.2"
| #define W3M w3m
| #define W3M_TARGET i386-unknown-openbsd3.8
| #define USE_M17N 1
| #define USE_UNICODE 1
| #define W3M_LANG EN
| #define WCTARGET "libwc/libwc.a"
| #define WCCFLAGS "-DUSE_UNICODE -I$(srcdir) -I$(srcdir)/.."
| #define DISPLAY_CHARSET WC_CES_UTF_8
| #define SYSTEM_CHARSET WC_CES_UTF_8
| #define DOCUMENT_CHARSET WC_CES_UTF_8
| /* end confdefs.h.  */
| #include <libintl.h>
| extern int _nl_msg_cat_cntr;
| extern int *_nl_domain_bindings;
| int
| main ()
| {
| bindtextdomain ("", "");
| return (int) gettext ("") + _nl_msg_cat_cntr + *_nl_domain_bindings
|   ;
|   return 0;
| }
configure:4171: result: no
configure:4205: checking for iconv
configure:4232: gcc -o conftest -g -O2 -I$(srcdir)/libwc -I/usr/local/include  conftest.c  >&5
/tmp//cciz9549.o(.text+0x16): In function `main':
/home/harrison/.emacs.d/pkgs/w3m-0.5/conftest.c:26: undefined reference to `libiconv_open'
/tmp//cciz9549.o(.text+0x2b):/home/harrison/.emacs.d/pkgs/w3m-0.5/conftest.c:27: undefined reference to `libiconv'
/tmp//cciz9549.o(.text+0x34):/home/harrison/.emacs.d/pkgs/w3m-0.5/conftest.c:28: undefined reference to `libiconv_close'
collect2: ld returned 1 exit status
configure:4238: $? = 1
configure: failed program was:
| /* confdefs.h.  */
| 
| #define PACKAGE_NAME "w3m"
| #define PACKAGE_TARNAME "w3m"
| #define PACKAGE_VERSION "0.4.2"
| #define PACKAGE_STRING "w3m 0.4.2"
| #define PACKAGE_BUGREPORT "ukai@debian.or.jp"
| #define PACKAGE "w3m"
| #define VERSION "0.4.2"
| #define W3M w3m
| #define W3M_TARGET i386-unknown-openbsd3.8
| #define USE_M17N 1
| #define USE_UNICODE 1
| #define W3M_LANG EN
| #define WCTARGET "libwc/libwc.a"
| #define WCCFLAGS "-DUSE_UNICODE -I$(srcdir) -I$(srcdir)/.."
| #define DISPLAY_CHARSET WC_CES_UTF_8
| #define SYSTEM_CHARSET WC_CES_UTF_8
| #define DOCUMENT_CHARSET WC_CES_UTF_8
| /* end confdefs.h.  */
| #include <stdlib.h>
| #include <iconv.h>
| int
| main ()
| {
| iconv_t cd = iconv_open("","");
|        iconv(cd,NULL,NULL,NULL,NULL);
|        iconv_close(cd);
|   ;
|   return 0;
| }
configure:4282: gcc -o conftest -g -O2 -I$(srcdir)/libwc -I/usr/local/include  conftest.c  /usr/local/lib/libiconv.a >&5
/usr/local/lib/libiconv.a(localcharset.o)(.text+0x212): In function `get_charset_aliases':
: warning: strcpy() is almost always misused, please use strlcpy()
configure:4288: $? = 0
configure:4291: test -z 			 || test ! -s conftest.err
configure:4294: $? = 0
configure:4297: test -s conftest
configure:4300: $? = 0
configure:4315: result: yes
configure:4325: checking how to link with libiconv
configure:4327: result: /usr/local/lib/libiconv.a
configure:4716: checking for GNU gettext in libintl
configure:4748: gcc -o conftest -g -O2 -I$(srcdir)/libwc -I/usr/local/include   conftest.c  /usr/local/lib/libintl.a -L/usr/local/lib >&5
/usr/local/lib/libintl.a(localcharset.o)(.text+0x1fa): In function `get_charset_aliases':
: warning: strcpy() is almost always misused, please use strlcpy()
/usr/local/lib/libintl.a(loadmsgcat.o)(.text+0x13b): In function `_nl_init_domain_conv':
: undefined reference to `libiconv_open'
/usr/local/lib/libintl.a(loadmsgcat.o)(.text+0x180): In function `_nl_free_domain_conv':
: undefined reference to `libiconv_close'
/usr/local/lib/libintl.a(dcigettext.o)(.text+0x876): In function `_nl_find_msg':
: undefined reference to `libiconv'
collect2: ld returned 1 exit status
configure:4754: $? = 1
configure: failed program was:
| /* confdefs.h.  */
| 
| #define PACKAGE_NAME "w3m"
| #define PACKAGE_TARNAME "w3m"
| #define PACKAGE_VERSION "0.4.2"
| #define PACKAGE_STRING "w3m 0.4.2"
| #define PACKAGE_BUGREPORT "ukai@debian.or.jp"
| #define PACKAGE "w3m"
| #define VERSION "0.4.2"
| #define W3M w3m
| #define W3M_TARGET i386-unknown-openbsd3.8
| #define USE_M17N 1
| #define USE_UNICODE 1
| #define W3M_LANG EN
| #define WCTARGET "libwc/libwc.a"
| #define WCCFLAGS "-DUSE_UNICODE -I$(srcdir) -I$(srcdir)/.."
| #define DISPLAY_CHARSET WC_CES_UTF_8
| #define SYSTEM_CHARSET WC_CES_UTF_8
| #define DOCUMENT_CHARSET WC_CES_UTF_8
| #define HAVE_ICONV 1
| /* end confdefs.h.  */
| #include <libintl.h>
| extern int _nl_msg_cat_cntr;
| extern
| #ifdef __cplusplus
| "C"
| #endif
| const char *_nl_expand_alias ();
| int
| main ()
| {
| bindtextdomain ("", "");
| return (int) gettext ("") + _nl_msg_cat_cntr + *_nl_expand_alias (0)
|   ;
|   return 0;
| }
configure:4802: gcc -o conftest -g -O2 -I$(srcdir)/libwc -I/usr/local/include   conftest.c  /usr/local/lib/libintl.a -L/usr/local/lib /usr/local/lib/libiconv.a >&5
/usr/local/lib/libintl.a(localcharset.o)(.text+0x1fa): In function `get_charset_aliases':
: warning: strcpy() is almost always misused, please use strlcpy()
configure:4808: $? = 0
configure:4811: test -z 			 || test ! -s conftest.err
configure:4814: $? = 0
configure:4817: test -s conftest
configure:4820: $? = 0
configure:4837: result: yes
configure:4866: checking whether to use NLS
configure:4868: result: yes
configure:4871: checking where the gettext function comes from
configure:4882: result: external libintl
configure:4890: checking how to link with libintl
configure:4892: result: /usr/local/lib/libintl.a -L/usr/local/lib /usr/local/lib/libiconv.a
configure:4953: checking if color escape sequence for kterm/pxvt is enabled
configure:4966: result: yes
configure:4969: checking if ansi color escape sequence support is enabled
configure:4982: result: yes
configure:4985: checking if background color support is enabled
configure:4998: result: yes
configure:5020: checking if image is enabled
configure:5029: result: yes
configure:5065: checking image library
configure:5078: result: gdk-pixbuf imlib imlib2
configure:5120: WARNING: GdkPixbuf is not installed.  Install GdkPixbuf (version >= 0.16.0)
configure:5141: WARNING: Imlib is not installed.  Install Imlib (version >= 1.9.8)
configure:5162: WARNING: Imlib2 is not installed.  Install Imlib2 (version >= 1.0.5)
configure:5208: WARNING: unable to build w3mimgdisplay with X11 support
configure:5272: checking if xface is enabled
configure:5285: result: yes
configure:5289: checking for uncompface
configure:5316: result: no
configure:5323: WARNING: uncompface is not installed.
configure:5329: checking default keymap
configure:5338: result: w3m
configure:5362: checking if popup menu is enabled
configure:5375: result: yes
configure:5378: checking if mouse operation enabled
configure:5391: result: yes
configure:5394: checking if URL history is enabled
configure:5407: result: yes
configure:5410: checking if alarm is enabled
configure:5419: result: yes
configure:5440: gcc -c -g -O2 -I$(srcdir)/libwc -I/usr/local/include conftest.c >&5
configure:5446: $? = 0
configure:5449: test -z 			 || test ! -s conftest.err
configure:5452: $? = 0
configure:5455: test -s conftest.o
configure:5458: $? = 0
configure:5473: checking if cookie is enabled
configure:5486: result: yes
configure:5489: checking if digest auth is enabled
configure:5502: result: yes
configure:5505: checking if nntp is enabled
configure:5518: result: yes
configure:5521: checking if gopher is enabled
configure:5534: result: no
configure:5536: checking if IPv6 support is enabled
configure:5545: result: yes
configure:5549: checking if IPv6 API available
configure:5552: checking for getaddrinfo
configure:5609: gcc -o conftest -g -O2 -I$(srcdir)/libwc -I/usr/local/include  conftest.c  >&5
configure:5615: $? = 0
configure:5618: test -z 			 || test ! -s conftest.err
configure:5621: $? = 0
configure:5624: test -s conftest
configure:5627: $? = 0
configure:5639: result: yes
configure:5733: checking if struct sockaddr_storage has an ss_family member
configure:5757: gcc -c -g -O2 -I$(srcdir)/libwc -I/usr/local/include conftest.c >&5
configure:5763: $? = 0
configure:5766: test -z 			 || test ! -s conftest.err
configure:5769: $? = 0
configure:5772: test -s conftest.o
configure:5775: $? = 0
configure:5777: result: yes
configure:5855: checking if dictionary lookup is enabled
configure:5868: result: yes
configure:5871: checking if help cgi is enabled
configure:5884: result: yes
configure:5887: checking if external URI loader is enabled
configure:5900: result: yes
configure:5903: checking if w3mmail is used
configure:5917: result: yes
configure:5922: checking if migemo is supported with
configure:5936: result: migemo -t egrep /usr/local/share/migemo/migemo-dict
configure:5944: checking which editor is used by default
configure:5952: result: /usr/bin/vi
configure:5960: checking which mailer is used by default
configure:5968: result: /usr/bin/mail
configure:5976: checking which external browser is used by default
configure:5984: result: /usr/bin/mozilla
configure:5994: checking for -lbsd
configure:6005: result: not found
configure:5994: checking for -lBSD
configure:6005: result: not found
configure:5994: checking for -l44bsd
configure:6005: result: not found
configure:5994: checking for -lsocket
configure:6005: result: not found
configure:5994: checking for -lnsl
configure:6005: result: not found
configure:5994: checking for -ldld
configure:6005: result: not found
configure:5994: checking for -ldl
configure:6005: result: not found
configure:6011: checking if SSL is suported
configure:6021: result: yes
configure:6034: checking for pkg-config
configure:6065: result: no
configure:6122: checking for SSL library/header
configure:6125: result: /usr/openssl /usr/ssl /usr /usr/local/openssl /usr/local/ssl /usr/local
configure:6144: checking for SSL_new in -lssl
configure:6174: gcc -o conftest -g -O2 -I$(srcdir)/libwc -I/usr/local/include  conftest.c -lssl  -lcrypto  >&5
configure:6180: $? = 0
configure:6183: test -z 			 || test ! -s conftest.err
configure:6186: $? = 0
configure:6189: test -s conftest
configure:6192: $? = 0
configure:6205: result: yes
configure:6215: checking if SSL certificate verify is enabled
configure:6228: result: yes
configure:6233: checking for sqrt
configure:6290: gcc -o conftest -g -O2 -I$(srcdir)/libwc  -I/usr/include/openssl -I/usr/local/include  conftest.c  >&5
conftest.c:81: warning: conflicting types for built-in function 'sqrt'
/tmp//ccp12710.o(.text+0x14): In function `main':
/home/harrison/.emacs.d/pkgs/w3m-0.5/conftest.c:96: undefined reference to `sqrt'
/tmp//ccp12710.o(.data+0x0):/home/harrison/.emacs.d/pkgs/w3m-0.5/conftest.c:96: undefined reference to `sqrt'
collect2: ld returned 1 exit status
configure:6296: $? = 1
configure: failed program was:
| /* confdefs.h.  */
| 
| #define PACKAGE_NAME "w3m"
| #define PACKAGE_TARNAME "w3m"
| #define PACKAGE_VERSION "0.4.2"
| #define PACKAGE_STRING "w3m 0.4.2"
| #define PACKAGE_BUGREPORT "ukai@debian.or.jp"
| #define PACKAGE "w3m"
| #define VERSION "0.4.2"
| #define W3M w3m
| #define W3M_TARGET i386-unknown-openbsd3.8
| #define USE_M17N 1
| #define USE_UNICODE 1
| #define W3M_LANG EN
| #define WCTARGET "libwc/libwc.a"
| #define WCCFLAGS "-DUSE_UNICODE -I$(srcdir) -I$(srcdir)/.."
| #define DISPLAY_CHARSET WC_CES_UTF_8
| #define SYSTEM_CHARSET WC_CES_UTF_8
| #define DOCUMENT_CHARSET WC_CES_UTF_8
| #define HAVE_ICONV 1
| #define ENABLE_NLS 1
| #define HAVE_GETTEXT 1
| #define HAVE_DCGETTEXT 1
| #define USE_COLOR 1
| #define USE_ANSI_COLOR 1
| #define USE_BG_COLOR 1
| #define INSTALL_W3MIMGDISPLAY $INSTALL_W3MIMGDISPLAY
| #define USE_IMAGE 1
| #define IMGTARGETS "$IMGTARGETS"
| #define IMGOBJS "$IMGOBJS"
| #define IMGX11CFLAGS "$IMGX11CFLAGS"
| #define IMGX11LDFLAGS "$IMGX11LDFLAGS"
| #define IMGFBCFLAGS "$IMGFBCFLAGS"
| #define IMGFBLDFLAGS "$IMGLDFLAGS"
| #define USE_XFACE 1
| #define HELP_FILE "w3mhelp-w3m_en.html"
| #define KEYBIND w3m
| #define USE_MENU 1
| #define USE_MOUSE 1
| #define USE_HISTORY 1
| #define USE_ALARM 1
| #define USE_COOKIE 1
| #define USE_DIGEST_AUTH 1
| #define USE_NNTP 1
| #define INET6 1
| #define USE_DICT 1
| #define USE_HELP_CGI 1
| #define USE_EXTERNAL_URI_LOADER 1
| #define USE_W3MMAILER 1
| #define DEF_MIGEMO_COMMAND "migemo -t egrep /usr/local/share/migemo/migemo-dict"
| #define DEF_EDITOR "/usr/bin/vi"
| #define DEF_MAILER "/usr/bin/mail"
| #define DEF_EXT_BROWSER "/usr/bin/mozilla"
| #define USE_SSL 1
| #define USE_SSL_VERIFY 1
| /* end confdefs.h.  */
| /* Define sqrt to an innocuous variant, in case <limits.h> declares sqrt.
|    For example, HP-UX 11i <limits.h> declares gettimeofday.  */
| #define sqrt innocuous_sqrt
| 
| /* System header to define __stub macros and hopefully few prototypes,
|     which can conflict with char sqrt (); below.
|     Prefer <limits.h> to <assert.h> if __STDC__ is defined, since
|     <limits.h> exists even on freestanding compilers.  */
| 
| #ifdef __STDC__
| # include <limits.h>
| #else
| # include <assert.h>
| #endif
| 
| #undef sqrt
| 
| /* Override any gcc2 internal prototype to avoid an error.  */
| #ifdef __cplusplus
| extern "C"
| {
| #endif
| /* We use char because int might match the return type of a gcc2
|    builtin and then its argument prototype would still apply.  */
| char sqrt ();
| /* The GNU C library defines this for functions which it implements
|     to always fail with ENOSYS.  Some functions are actually named
|     something starting with __ and the normal name is an alias.  */
| #if defined (__stub_sqrt) || defined (__stub___sqrt)
| choke me
| #else
| char (*f) () = sqrt;
| #endif
| #ifdef __cplusplus
| }
| #endif
| 
| int
| main ()
| {
| return f != sqrt;
|   ;
|   return 0;
| }
configure:6320: result: no
configure:6326: checking for sqrt in -lm
configure:6356: gcc -o conftest -g -O2 -I$(srcdir)/libwc  -I/usr/include/openssl -I/usr/local/include  conftest.c -lm   >&5
conftest.c:64: warning: conflicting types for built-in function 'sqrt'
configure:6362: $? = 0
configure:6365: test -z 			 || test ! -s conftest.err
configure:6368: $? = 0
configure:6371: test -s conftest
configure:6374: $? = 0
configure:6387: result: yes
configure:6402: checking for Gpm_Open in -lgpm
configure:6432: gcc -o conftest -g -O2 -I$(srcdir)/libwc  -I/usr/include/openssl -I/usr/local/include  conftest.c -lgpm  -lm  >&5
/usr/bin/ld: cannot find -lgpm
collect2: ld returned 1 exit status
configure:6438: $? = 1
configure: failed program was:
| /* confdefs.h.  */
| 
| #define PACKAGE_NAME "w3m"
| #define PACKAGE_TARNAME "w3m"
| #define PACKAGE_VERSION "0.4.2"
| #define PACKAGE_STRING "w3m 0.4.2"
| #define PACKAGE_BUGREPORT "ukai@debian.or.jp"
| #define PACKAGE "w3m"
| #define VERSION "0.4.2"
| #define W3M w3m
| #define W3M_TARGET i386-unknown-openbsd3.8
| #define USE_M17N 1
| #define USE_UNICODE 1
| #define W3M_LANG EN
| #define WCTARGET "libwc/libwc.a"
| #define WCCFLAGS "-DUSE_UNICODE -I$(srcdir) -I$(srcdir)/.."
| #define DISPLAY_CHARSET WC_CES_UTF_8
| #define SYSTEM_CHARSET WC_CES_UTF_8
| #define DOCUMENT_CHARSET WC_CES_UTF_8
| #define HAVE_ICONV 1
| #define ENABLE_NLS 1
| #define HAVE_GETTEXT 1
| #define HAVE_DCGETTEXT 1
| #define USE_COLOR 1
| #define USE_ANSI_COLOR 1
| #define USE_BG_COLOR 1
| #define INSTALL_W3MIMGDISPLAY $INSTALL_W3MIMGDISPLAY
| #define USE_IMAGE 1
| #define IMGTARGETS "$IMGTARGETS"
| #define IMGOBJS "$IMGOBJS"
| #define IMGX11CFLAGS "$IMGX11CFLAGS"
| #define IMGX11LDFLAGS "$IMGX11LDFLAGS"
| #define IMGFBCFLAGS "$IMGFBCFLAGS"
| #define IMGFBLDFLAGS "$IMGLDFLAGS"
| #define USE_XFACE 1
| #define HELP_FILE "w3mhelp-w3m_en.html"
| #define KEYBIND w3m
| #define USE_MENU 1
| #define USE_MOUSE 1
| #define USE_HISTORY 1
| #define USE_ALARM 1
| #define USE_COOKIE 1
| #define USE_DIGEST_AUTH 1
| #define USE_NNTP 1
| #define INET6 1
| #define USE_DICT 1
| #define USE_HELP_CGI 1
| #define USE_EXTERNAL_URI_LOADER 1
| #define USE_W3MMAILER 1
| #define DEF_MIGEMO_COMMAND "migemo -t egrep /usr/local/share/migemo/migemo-dict"
| #define DEF_EDITOR "/usr/bin/vi"
| #define DEF_MAILER "/usr/bin/mail"
| #define DEF_EXT_BROWSER "/usr/bin/mozilla"
| #define USE_SSL 1
| #define USE_SSL_VERIFY 1
| #define HAVE_LIBM 1
| /* end confdefs.h.  */
| 
| /* Override any gcc2 internal prototype to avoid an error.  */
| #ifdef __cplusplus
| extern "C"
| #endif
| /* We use char because int might match the return type of a gcc2
|    builtin and then its argument prototype would still apply.  */
| char Gpm_Open ();
| int
| main ()
| {
| Gpm_Open ();
|   ;
|   return 0;
| }
configure:6463: result: no
configure:6484: gcc -E -I/usr/local/include conftest.c
conftest.c:58:29: error: machine/console.h: No such file or directory
configure:6490: $? = 1
configure: failed program was:
| /* confdefs.h.  */
| 
| #define PACKAGE_NAME "w3m"
| #define PACKAGE_TARNAME "w3m"
| #define PACKAGE_VERSION "0.4.2"
| #define PACKAGE_STRING "w3m 0.4.2"
| #define PACKAGE_BUGREPORT "ukai@debian.or.jp"
| #define PACKAGE "w3m"
| #define VERSION "0.4.2"
| #define W3M w3m
| #define W3M_TARGET i386-unknown-openbsd3.8
| #define USE_M17N 1
| #define USE_UNICODE 1
| #define W3M_LANG EN
| #define WCTARGET "libwc/libwc.a"
| #define WCCFLAGS "-DUSE_UNICODE -I$(srcdir) -I$(srcdir)/.."
| #define DISPLAY_CHARSET WC_CES_UTF_8
| #define SYSTEM_CHARSET WC_CES_UTF_8
| #define DOCUMENT_CHARSET WC_CES_UTF_8
| #define HAVE_ICONV 1
| #define ENABLE_NLS 1
| #define HAVE_GETTEXT 1
| #define HAVE_DCGETTEXT 1
| #define USE_COLOR 1
| #define USE_ANSI_COLOR 1
| #define USE_BG_COLOR 1
| #define INSTALL_W3MIMGDISPLAY $INSTALL_W3MIMGDISPLAY
| #define USE_IMAGE 1
| #define IMGTARGETS "$IMGTARGETS"
| #define IMGOBJS "$IMGOBJS"
| #define IMGX11CFLAGS "$IMGX11CFLAGS"
| #define IMGX11LDFLAGS "$IMGX11LDFLAGS"
| #define IMGFBCFLAGS "$IMGFBCFLAGS"
| #define IMGFBLDFLAGS "$IMGLDFLAGS"
| #define USE_XFACE 1
| #define HELP_FILE "w3mhelp-w3m_en.html"
| #define KEYBIND w3m
| #define USE_MENU 1
| #define USE_MOUSE 1
| #define USE_HISTORY 1
| #define USE_ALARM 1
| #define USE_COOKIE 1
| #define USE_DIGEST_AUTH 1
| #define USE_NNTP 1
| #define INET6 1
| #define USE_DICT 1
| #define USE_HELP_CGI 1
| #define USE_EXTERNAL_URI_LOADER 1
| #define USE_W3MMAILER 1
| #define DEF_MIGEMO_COMMAND "migemo -t egrep /usr/local/share/migemo/migemo-dict"
| #define DEF_EDITOR "/usr/bin/vi"
| #define DEF_MAILER "/usr/bin/mail"
| #define DEF_EXT_BROWSER "/usr/bin/mozilla"
| #define USE_SSL 1
| #define USE_SSL_VERIFY 1
| #define HAVE_LIBM 1
| /* end confdefs.h.  */
| #include <machine/console.h>
|    MOUSE_GETINFO
configure:6515: checking terminal library
configure:6525: result: yes
configure:6530: checking for tgetent in -lterminfo
configure:6560: gcc -o conftest -g -O2 -I$(srcdir)/libwc  -I/usr/include/openssl -I/usr/local/include  conftest.c -lterminfo  -lm  >&5
/usr/bin/ld: cannot find -lterminfo
collect2: ld returned 1 exit status
configure:6566: $? = 1
configure: failed program was:
| /* confdefs.h.  */
| 
| #define PACKAGE_NAME "w3m"
| #define PACKAGE_TARNAME "w3m"
| #define PACKAGE_VERSION "0.4.2"
| #define PACKAGE_STRING "w3m 0.4.2"
| #define PACKAGE_BUGREPORT "ukai@debian.or.jp"
| #define PACKAGE "w3m"
| #define VERSION "0.4.2"
| #define W3M w3m
| #define W3M_TARGET i386-unknown-openbsd3.8
| #define USE_M17N 1
| #define USE_UNICODE 1
| #define W3M_LANG EN
| #define WCTARGET "libwc/libwc.a"
| #define WCCFLAGS "-DUSE_UNICODE -I$(srcdir) -I$(srcdir)/.."
| #define DISPLAY_CHARSET WC_CES_UTF_8
| #define SYSTEM_CHARSET WC_CES_UTF_8
| #define DOCUMENT_CHARSET WC_CES_UTF_8
| #define HAVE_ICONV 1
| #define ENABLE_NLS 1
| #define HAVE_GETTEXT 1
| #define HAVE_DCGETTEXT 1
| #define USE_COLOR 1
| #define USE_ANSI_COLOR 1
| #define USE_BG_COLOR 1
| #define INSTALL_W3MIMGDISPLAY $INSTALL_W3MIMGDISPLAY
| #define USE_IMAGE 1
| #define IMGTARGETS "$IMGTARGETS"
| #define IMGOBJS "$IMGOBJS"
| #define IMGX11CFLAGS "$IMGX11CFLAGS"
| #define IMGX11LDFLAGS "$IMGX11LDFLAGS"
| #define IMGFBCFLAGS "$IMGFBCFLAGS"
| #define IMGFBLDFLAGS "$IMGLDFLAGS"
| #define USE_XFACE 1
| #define HELP_FILE "w3mhelp-w3m_en.html"
| #define KEYBIND w3m
| #define USE_MENU 1
| #define USE_MOUSE 1
| #define USE_HISTORY 1
| #define USE_ALARM 1
| #define USE_COOKIE 1
| #define USE_DIGEST_AUTH 1
| #define USE_NNTP 1
| #define INET6 1
| #define USE_DICT 1
| #define USE_HELP_CGI 1
| #define USE_EXTERNAL_URI_LOADER 1
| #define USE_W3MMAILER 1
| #define DEF_MIGEMO_COMMAND "migemo -t egrep /usr/local/share/migemo/migemo-dict"
| #define DEF_EDITOR "/usr/bin/vi"
| #define DEF_MAILER "/usr/bin/mail"
| #define DEF_EXT_BROWSER "/usr/bin/mozilla"
| #define USE_SSL 1
| #define USE_SSL_VERIFY 1
| #define HAVE_LIBM 1
| /* end confdefs.h.  */
| 
| /* Override any gcc2 internal prototype to avoid an error.  */
| #ifdef __cplusplus
| extern "C"
| #endif
| /* We use char because int might match the return type of a gcc2
|    builtin and then its argument prototype would still apply.  */
| char tgetent ();
| int
| main ()
| {
| tgetent ();
|   ;
|   return 0;
| }
configure:6591: result: no
configure:6530: checking for tgetent in -lmytinfo
configure:6560: gcc -o conftest -g -O2 -I$(srcdir)/libwc  -I/usr/include/openssl -I/usr/local/include  conftest.c -lmytinfo  -lm  >&5
/usr/bin/ld: cannot find -lmytinfo
collect2: ld returned 1 exit status
configure:6566: $? = 1
configure: failed program was:
| /* confdefs.h.  */
| 
| #define PACKAGE_NAME "w3m"
| #define PACKAGE_TARNAME "w3m"
| #define PACKAGE_VERSION "0.4.2"
| #define PACKAGE_STRING "w3m 0.4.2"
| #define PACKAGE_BUGREPORT "ukai@debian.or.jp"
| #define PACKAGE "w3m"
| #define VERSION "0.4.2"
| #define W3M w3m
| #define W3M_TARGET i386-unknown-openbsd3.8
| #define USE_M17N 1
| #define USE_UNICODE 1
| #define W3M_LANG EN
| #define WCTARGET "libwc/libwc.a"
| #define WCCFLAGS "-DUSE_UNICODE -I$(srcdir) -I$(srcdir)/.."
| #define DISPLAY_CHARSET WC_CES_UTF_8
| #define SYSTEM_CHARSET WC_CES_UTF_8
| #define DOCUMENT_CHARSET WC_CES_UTF_8
| #define HAVE_ICONV 1
| #define ENABLE_NLS 1
| #define HAVE_GETTEXT 1
| #define HAVE_DCGETTEXT 1
| #define USE_COLOR 1
| #define USE_ANSI_COLOR 1
| #define USE_BG_COLOR 1
| #define INSTALL_W3MIMGDISPLAY $INSTALL_W3MIMGDISPLAY
| #define USE_IMAGE 1
| #define IMGTARGETS "$IMGTARGETS"
| #define IMGOBJS "$IMGOBJS"
| #define IMGX11CFLAGS "$IMGX11CFLAGS"
| #define IMGX11LDFLAGS "$IMGX11LDFLAGS"
| #define IMGFBCFLAGS "$IMGFBCFLAGS"
| #define IMGFBLDFLAGS "$IMGLDFLAGS"
| #define USE_XFACE 1
| #define HELP_FILE "w3mhelp-w3m_en.html"
| #define KEYBIND w3m
| #define USE_MENU 1
| #define USE_MOUSE 1
| #define USE_HISTORY 1
| #define USE_ALARM 1
| #define USE_COOKIE 1
| #define USE_DIGEST_AUTH 1
| #define USE_NNTP 1
| #define INET6 1
| #define USE_DICT 1
| #define USE_HELP_CGI 1
| #define USE_EXTERNAL_URI_LOADER 1
| #define USE_W3MMAILER 1
| #define DEF_MIGEMO_COMMAND "migemo -t egrep /usr/local/share/migemo/migemo-dict"
| #define DEF_EDITOR "/usr/bin/vi"
| #define DEF_MAILER "/usr/bin/mail"
| #define DEF_EXT_BROWSER "/usr/bin/mozilla"
| #define USE_SSL 1
| #define USE_SSL_VERIFY 1
| #define HAVE_LIBM 1
| /* end confdefs.h.  */
| 
| /* Override any gcc2 internal prototype to avoid an error.  */
| #ifdef __cplusplus
| extern "C"
| #endif
| /* We use char because int might match the return type of a gcc2
|    builtin and then its argument prototype would still apply.  */
| char tgetent ();
| int
| main ()
| {
| tgetent ();
|   ;
|   return 0;
| }
configure:6591: result: no
configure:6530: checking for tgetent in -ltermlib
configure:6560: gcc -o conftest -g -O2 -I$(srcdir)/libwc  -I/usr/include/openssl -I/usr/local/include  conftest.c -ltermlib  -lm  >&5
configure:6566: $? = 0
configure:6569: test -z 			 || test ! -s conftest.err
configure:6572: $? = 0
configure:6575: test -s conftest
configure:6578: $? = 0
configure:6591: result: yes
configure:6599: checking for egrep
configure:6609: result: grep -E
configure:6614: checking for ANSI C header files
configure:6639: gcc -c -g -O2 -I$(srcdir)/libwc  -I/usr/include/openssl -I/usr/local/include conftest.c >&5
configure:6645: $? = 0
configure:6648: test -z 			 || test ! -s conftest.err
configure:6651: $? = 0
configure:6654: test -s conftest.o
configure:6657: $? = 0
configure:6746: gcc -o conftest -g -O2 -I$(srcdir)/libwc  -I/usr/include/openssl -I/usr/local/include  conftest.c -lm  >&5
conftest.c: In function 'main':
conftest.c:75: warning: incompatible implicit declaration of built-in function 'exit'
configure:6749: $? = 0
configure:6751: ./conftest
configure:6754: $? = 0
configure:6769: result: yes
configure:6793: checking for sys/types.h
configure:6809: gcc -c -g -O2 -I$(srcdir)/libwc  -I/usr/include/openssl -I/usr/local/include conftest.c >&5
configure:6815: $? = 0
configure:6818: test -z 			 || test ! -s conftest.err
configure:6821: $? = 0
configure:6824: test -s conftest.o
configure:6827: $? = 0
configure:6838: result: yes
configure:6793: checking for sys/stat.h
configure:6809: gcc -c -g -O2 -I$(srcdir)/libwc  -I/usr/include/openssl -I/usr/local/include conftest.c >&5
configure:6815: $? = 0
configure:6818: test -z 			 || test ! -s conftest.err
configure:6821: $? = 0
configure:6824: test -s conftest.o
configure:6827: $? = 0
configure:6838: result: yes
configure:6793: checking for stdlib.h
configure:6809: gcc -c -g -O2 -I$(srcdir)/libwc  -I/usr/include/openssl -I/usr/local/include conftest.c >&5
configure:6815: $? = 0
configure:6818: test -z 			 || test ! -s conftest.err
configure:6821: $? = 0
configure:6824: test -s conftest.o
configure:6827: $? = 0
configure:6838: result: yes
configure:6793: checking for string.h
configure:6809: gcc -c -g -O2 -I$(srcdir)/libwc  -I/usr/include/openssl -I/usr/local/include conftest.c >&5
configure:6815: $? = 0
configure:6818: test -z 			 || test ! -s conftest.err
configure:6821: $? = 0
configure:6824: test -s conftest.o
configure:6827: $? = 0
configure:6838: result: yes
configure:6793: checking for memory.h
configure:6809: gcc -c -g -O2 -I$(srcdir)/libwc  -I/usr/include/openssl -I/usr/local/include conftest.c >&5
configure:6815: $? = 0
configure:6818: test -z 			 || test ! -s conftest.err
configure:6821: $? = 0
configure:6824: test -s conftest.o
configure:6827: $? = 0
configure:6838: result: yes
configure:6793: checking for strings.h
configure:6809: gcc -c -g -O2 -I$(srcdir)/libwc  -I/usr/include/openssl -I/usr/local/include conftest.c >&5
configure:6815: $? = 0
configure:6818: test -z 			 || test ! -s conftest.err
configure:6821: $? = 0
configure:6824: test -s conftest.o
configure:6827: $? = 0
configure:6838: result: yes
configure:6793: checking for inttypes.h
configure:6809: gcc -c -g -O2 -I$(srcdir)/libwc  -I/usr/include/openssl -I/usr/local/include conftest.c >&5
configure:6815: $? = 0
configure:6818: test -z 			 || test ! -s conftest.err
configure:6821: $? = 0
configure:6824: test -s conftest.o
configure:6827: $? = 0
configure:6838: result: yes
configure:6793: checking for stdint.h
configure:6809: gcc -c -g -O2 -I$(srcdir)/libwc  -I/usr/include/openssl -I/usr/local/include conftest.c >&5
conftest.c:101:20: error: stdint.h: No such file or directory
configure:6815: $? = 1
configure: failed program was:
| /* confdefs.h.  */
| 
| #define PACKAGE_NAME "w3m"
| #define PACKAGE_TARNAME "w3m"
| #define PACKAGE_VERSION "0.4.2"
| #define PACKAGE_STRING "w3m 0.4.2"
| #define PACKAGE_BUGREPORT "ukai@debian.or.jp"
| #define PACKAGE "w3m"
| #define VERSION "0.4.2"
| #define W3M w3m
| #define W3M_TARGET i386-unknown-openbsd3.8
| #define USE_M17N 1
| #define USE_UNICODE 1
| #define W3M_LANG EN
| #define WCTARGET "libwc/libwc.a"
| #define WCCFLAGS "-DUSE_UNICODE -I$(srcdir) -I$(srcdir)/.."
| #define DISPLAY_CHARSET WC_CES_UTF_8
| #define SYSTEM_CHARSET WC_CES_UTF_8
| #define DOCUMENT_CHARSET WC_CES_UTF_8
| #define HAVE_ICONV 1
| #define ENABLE_NLS 1
| #define HAVE_GETTEXT 1
| #define HAVE_DCGETTEXT 1
| #define USE_COLOR 1
| #define USE_ANSI_COLOR 1
| #define USE_BG_COLOR 1
| #define INSTALL_W3MIMGDISPLAY $INSTALL_W3MIMGDISPLAY
| #define USE_IMAGE 1
| #define IMGTARGETS "$IMGTARGETS"
| #define IMGOBJS "$IMGOBJS"
| #define IMGX11CFLAGS "$IMGX11CFLAGS"
| #define IMGX11LDFLAGS "$IMGX11LDFLAGS"
| #define IMGFBCFLAGS "$IMGFBCFLAGS"
| #define IMGFBLDFLAGS "$IMGLDFLAGS"
| #define USE_XFACE 1
| #define HELP_FILE "w3mhelp-w3m_en.html"
| #define KEYBIND w3m
| #define USE_MENU 1
| #define USE_MOUSE 1
| #define USE_HISTORY 1
| #define USE_ALARM 1
| #define USE_COOKIE 1
| #define USE_DIGEST_AUTH 1
| #define USE_NNTP 1
| #define INET6 1
| #define USE_DICT 1
| #define USE_HELP_CGI 1
| #define USE_EXTERNAL_URI_LOADER 1
| #define USE_W3MMAILER 1
| #define DEF_MIGEMO_COMMAND "migemo -t egrep /usr/local/share/migemo/migemo-dict"
| #define DEF_EDITOR "/usr/bin/vi"
| #define DEF_MAILER "/usr/bin/mail"
| #define DEF_EXT_BROWSER "/usr/bin/mozilla"
| #define USE_SSL 1
| #define USE_SSL_VERIFY 1
| #define HAVE_LIBM 1
| #define STDC_HEADERS 1
| #define HAVE_SYS_TYPES_H 1
| #define HAVE_SYS_STAT_H 1
| #define HAVE_STDLIB_H 1
| #define HAVE_STRING_H 1
| #define HAVE_MEMORY_H 1
| #define HAVE_STRINGS_H 1
| #define HAVE_INTTYPES_H 1
| /* end confdefs.h.  */
| #include <stdio.h>
| #if HAVE_SYS_TYPES_H
| # include <sys/types.h>
| #endif
| #if HAVE_SYS_STAT_H
| # include <sys/stat.h>
| #endif
| #if STDC_HEADERS
| # include <stdlib.h>
| # include <stddef.h>
| #else
| # if HAVE_STDLIB_H
| #  include <stdlib.h>
| # endif
| #endif
| #if HAVE_STRING_H
| # if !STDC_HEADERS && HAVE_MEMORY_H
| #  include <memory.h>
| # endif
| # include <string.h>
| #endif
| #if HAVE_STRINGS_H
| # include <strings.h>
| #endif
| #if HAVE_INTTYPES_H
| # include <inttypes.h>
| #else
| # if HAVE_STDINT_H
| #  include <stdint.h>
| # endif
| #endif
| #if HAVE_UNISTD_H
| # include <unistd.h>
| #endif
| 
| #include <stdint.h>
configure:6838: result: no
configure:6793: checking for unistd.h
configure:6809: gcc -c -g -O2 -I$(srcdir)/libwc  -I/usr/include/openssl -I/usr/local/include conftest.c >&5
configure:6815: $? = 0
configure:6818: test -z 			 || test ! -s conftest.err
configure:6821: $? = 0
configure:6824: test -s conftest.o
configure:6827: $? = 0
configure:6838: result: yes
configure:6850: checking GC library exists
configure:6862: result: yes
configure:6876: checking gc.h usability
configure:6888: gcc -c -g -O2 -I$(srcdir)/libwc  -I/usr/include/openssl -I/usr/local/include conftest.c >&5
configure:6894: $? = 0
configure:6897: test -z 			 || test ! -s conftest.err
configure:6900: $? = 0
configure:6903: test -s conftest.o
configure:6906: $? = 0
configure:6916: result: yes
configure:6920: checking gc.h presence
configure:6930: gcc -E -I/usr/local/include conftest.c
configure:6936: $? = 0
configure:6956: result: yes
configure:6991: checking for gc.h
configure:6998: result: yes
configure:7171: checking for GC_init in -lgc
configure:7201: gcc -o conftest -g -O2 -I$(srcdir)/libwc  -I/usr/include/openssl -I/usr/local/include  conftest.c -lgc  -lm  >&5
/usr/local/lib/gcc/i386-unknown-openbsd3.8/4.0.2/../../../libgc.so.1.2: warning: sprintf() is often misused, please use snprintf()
configure:7207: $? = 0
configure:7210: test -z 			 || test ! -s conftest.err
configure:7213: $? = 0
configure:7216: test -s conftest
configure:7219: $? = 0
configure:7232: result: yes
configure:7325: checking for zError in -lz
configure:7355: gcc -o conftest -g -O2 -I$(srcdir)/libwc  -I/usr/include/openssl -I/usr/local/include  conftest.c -lz  -lm  -lgc >&5
/usr/local/lib/gcc/i386-unknown-openbsd3.8/4.0.2/../../../libgc.so.1.2: warning: sprintf() is often misused, please use snprintf()
configure:7361: $? = 0
configure:7364: test -z 			 || test ! -s conftest.err
configure:7367: $? = 0
configure:7370: test -s conftest
configure:7373: $? = 0
configure:7386: result: yes
configure:7414: checking for dirent.h that defines DIR
configure:7438: gcc -c -g -O2 -I$(srcdir)/libwc  -I/usr/include/openssl -I/usr/local/include conftest.c >&5
configure:7444: $? = 0
configure:7447: test -z 			 || test ! -s conftest.err
configure:7450: $? = 0
configure:7453: test -s conftest.o
configure:7456: $? = 0
configure:7467: result: yes
configure:7480: checking for library containing opendir
configure:7510: gcc -o conftest -g -O2 -I$(srcdir)/libwc  -I/usr/include/openssl -I/usr/local/include  conftest.c -lm  -lgc >&5
/usr/local/lib/gcc/i386-unknown-openbsd3.8/4.0.2/../../../libgc.so.1.2: warning: sprintf() is often misused, please use snprintf()
configure:7516: $? = 0
configure:7519: test -z 			 || test ! -s conftest.err
configure:7522: $? = 0
configure:7525: test -s conftest
configure:7528: $? = 0
configure:7597: result: none required
configure:7731: checking for ANSI C header files
configure:7886: result: yes
configure:7896: checking for sys/wait.h that is POSIX.1 compatible
configure:7927: gcc -c -g -O2 -I$(srcdir)/libwc  -I/usr/include/openssl -I/usr/local/include conftest.c >&5
configure:7933: $? = 0
configure:7936: test -z 			 || test ! -s conftest.err
configure:7939: $? = 0
configure:7942: test -s conftest.o
configure:7945: $? = 0
configure:7956: result: yes
configure:7976: checking termios.h usability
configure:7988: gcc -c -g -O2 -I$(srcdir)/libwc  -I/usr/include/openssl -I/usr/local/include conftest.c >&5
configure:7994: $? = 0
configure:7997: test -z 			 || test ! -s conftest.err
configure:8000: $? = 0
configure:8003: test -s conftest.o
configure:8006: $? = 0
configure:8016: result: yes
configure:8020: checking termios.h presence
configure:8030: gcc -E -I/usr/local/include conftest.c
configure:8036: $? = 0
configure:8056: result: yes
configure:8091: checking for termios.h
configure:8098: result: yes
configure:8410: checking float.h usability
configure:8422: gcc -c -g -O2 -I$(srcdir)/libwc  -I/usr/include/openssl -I/usr/local/include conftest.c >&5
configure:8428: $? = 0
configure:8431: test -z 			 || test ! -s conftest.err
configure:8434: $? = 0
configure:8437: test -s conftest.o
configure:8440: $? = 0
configure:8450: result: yes
configure:8454: checking float.h presence
configure:8464: gcc -E -I/usr/local/include conftest.c
configure:8470: $? = 0
configure:8490: result: yes
configure:8525: checking for float.h
configure:8532: result: yes
configure:8548: checking sys/select.h usability
configure:8560: gcc -c -g -O2 -I$(srcdir)/libwc  -I/usr/include/openssl -I/usr/local/include conftest.c >&5
configure:8566: $? = 0
configure:8569: test -z 			 || test ! -s conftest.err
configure:8572: $? = 0
configure:8575: test -s conftest.o
configure:8578: $? = 0
configure:8588: result: yes
configure:8592: checking sys/select.h presence
configure:8602: gcc -E -I/usr/local/include conftest.c
configure:8608: $? = 0
configure:8628: result: yes
configure:8663: checking for sys/select.h
configure:8670: result: yes
configure:8686: checking locale.h usability
configure:8698: gcc -c -g -O2 -I$(srcdir)/libwc  -I/usr/include/openssl -I/usr/local/include conftest.c >&5
configure:8704: $? = 0
configure:8707: test -z 			 || test ! -s conftest.err
configure:8710: $? = 0
configure:8713: test -s conftest.o
configure:8716: $? = 0
configure:8726: result: yes
configure:8730: checking locale.h presence
configure:8740: gcc -E -I/usr/local/include conftest.c
configure:8746: $? = 0
configure:8766: result: yes
configure:8801: checking for locale.h
configure:8808: result: yes
configure:8821: checking for long long
configure:8845: gcc -c -g -O2 -I$(srcdir)/libwc  -I/usr/include/openssl -I/usr/local/include conftest.c >&5
configure:8851: $? = 0
configure:8854: test -z 			 || test ! -s conftest.err
configure:8857: $? = 0
configure:8860: test -s conftest.o
configure:8863: $? = 0
configure:8874: result: yes
configure:8877: checking size of long long
configure:9189: gcc -o conftest -g -O2 -I$(srcdir)/libwc  -I/usr/include/openssl -I/usr/local/include  conftest.c -lm  -lgc >&5
/usr/local/lib/gcc/i386-unknown-openbsd3.8/4.0.2/../../../libgc.so.1.2: warning: sprintf() is often misused, please use snprintf()
configure:9192: $? = 0
configure:9194: ./conftest
configure:9197: $? = 0
configure:9220: result: 8
configure:9256: checking for strcasecmp
configure:9313: gcc -o conftest -g -O2 -I$(srcdir)/libwc  -I/usr/include/openssl -I/usr/local/include  conftest.c -lm  -lgc >&5
/usr/local/lib/gcc/i386-unknown-openbsd3.8/4.0.2/../../../libgc.so.1.2: warning: sprintf() is often misused, please use snprintf()
configure:9319: $? = 0
configure:9322: test -z 			 || test ! -s conftest.err
configure:9325: $? = 0
configure:9328: test -s conftest
configure:9331: $? = 0
configure:9343: result: yes
configure:9256: checking for strcasestr
configure:9313: gcc -o conftest -g -O2 -I$(srcdir)/libwc  -I/usr/include/openssl -I/usr/local/include  conftest.c -lm  -lgc >&5
/usr/local/lib/gcc/i386-unknown-openbsd3.8/4.0.2/../../../libgc.so.1.2: warning: sprintf() is often misused, please use snprintf()
configure:9319: $? = 0
configure:9322: test -z 			 || test ! -s conftest.err
configure:9325: $? = 0
configure:9328: test -s conftest
configure:9331: $? = 0
configure:9343: result: yes
configure:9256: checking for strchr
configure:9313: gcc -o conftest -g -O2 -I$(srcdir)/libwc  -I/usr/include/openssl -I/usr/local/include  conftest.c -lm  -lgc >&5
conftest.c:100: warning: conflicting types for built-in function 'strchr'
/usr/local/lib/gcc/i386-unknown-openbsd3.8/4.0.2/../../../libgc.so.1.2: warning: sprintf() is often misused, please use snprintf()
configure:9319: $? = 0
configure:9322: test -z 			 || test ! -s conftest.err
configure:9325: $? = 0
configure:9328: test -s conftest
configure:9331: $? = 0
configure:9343: result: yes
configure:9256: checking for memcpy
configure:9313: gcc -o conftest -g -O2 -I$(srcdir)/libwc  -I/usr/include/openssl -I/usr/local/include  conftest.c -lm  -lgc >&5
conftest.c:101: warning: conflicting types for built-in function 'memcpy'
/usr/local/lib/gcc/i386-unknown-openbsd3.8/4.0.2/../../../libgc.so.1.2: warning: sprintf() is often misused, please use snprintf()
configure:9319: $? = 0
configure:9322: test -z 			 || test ! -s conftest.err
configure:9325: $? = 0
configure:9328: test -s conftest
configure:9331: $? = 0
configure:9343: result: yes
configure:9256: checking for strerror
configure:9313: gcc -o conftest -g -O2 -I$(srcdir)/libwc  -I/usr/include/openssl -I/usr/local/include  conftest.c -lm  -lgc >&5
/usr/local/lib/gcc/i386-unknown-openbsd3.8/4.0.2/../../../libgc.so.1.2: warning: sprintf() is often misused, please use snprintf()
configure:9319: $? = 0
configure:9322: test -z 			 || test ! -s conftest.err
configure:9325: $? = 0
configure:9328: test -s conftest
configure:9331: $? = 0
configure:9343: result: yes
configure:9256: checking for bcopy
configure:9313: gcc -o conftest -g -O2 -I$(srcdir)/libwc  -I/usr/include/openssl -I/usr/local/include  conftest.c -lm  -lgc >&5
conftest.c:103: warning: conflicting types for built-in function 'bcopy'
/usr/local/lib/gcc/i386-unknown-openbsd3.8/4.0.2/../../../libgc.so.1.2: warning: sprintf() is often misused, please use snprintf()
configure:9319: $? = 0
configure:9322: test -z 			 || test ! -s conftest.err
configure:9325: $? = 0
configure:9328: test -s conftest
configure:9331: $? = 0
configure:9343: result: yes
configure:9256: checking for setpgrp
configure:9313: gcc -o conftest -g -O2 -I$(srcdir)/libwc  -I/usr/include/openssl -I/usr/local/include  conftest.c -lm  -lgc >&5
/usr/local/lib/gcc/i386-unknown-openbsd3.8/4.0.2/../../../libgc.so.1.2: warning: sprintf() is often misused, please use snprintf()
configure:9319: $? = 0
configure:9322: test -z 			 || test ! -s conftest.err
configure:9325: $? = 0
configure:9328: test -s conftest
configure:9331: $? = 0
configure:9343: result: yes
configure:9256: checking for chdir
configure:9313: gcc -o conftest -g -O2 -I$(srcdir)/libwc  -I/usr/include/openssl -I/usr/local/include  conftest.c -lm  -lgc >&5
/usr/local/lib/gcc/i386-unknown-openbsd3.8/4.0.2/../../../libgc.so.1.2: warning: sprintf() is often misused, please use snprintf()
configure:9319: $? = 0
configure:9322: test -z 			 || test ! -s conftest.err
configure:9325: $? = 0
configure:9328: test -s conftest
configure:9331: $? = 0
configure:9343: result: yes
configure:9256: checking for getcwd
configure:9313: gcc -o conftest -g -O2 -I$(srcdir)/libwc  -I/usr/include/openssl -I/usr/local/include  conftest.c -lm  -lgc >&5
/usr/local/lib/gcc/i386-unknown-openbsd3.8/4.0.2/../../../libgc.so.1.2: warning: sprintf() is often misused, please use snprintf()
configure:9319: $? = 0
configure:9322: test -z 			 || test ! -s conftest.err
configure:9325: $? = 0
configure:9328: test -s conftest
configure:9331: $? = 0
configure:9343: result: yes
configure:9256: checking for getwd
configure:9313: gcc -o conftest -g -O2 -I$(srcdir)/libwc  -I/usr/include/openssl -I/usr/local/include  conftest.c -lm  -lgc >&5
/tmp//ccNR4715.o(.text+0x14): In function `main':
/home/harrison/.emacs.d/pkgs/w3m-0.5/conftest.c:122: warning: getwd() possibly used unsafely; consider using getcwd()
/usr/local/lib/gcc/i386-unknown-openbsd3.8/4.0.2/../../../libgc.so.1.2: warning: sprintf() is often misused, please use snprintf()
configure:9319: $? = 0
configure:9322: test -z 			 || test ! -s conftest.err
configure:9325: $? = 0
configure:9328: test -s conftest
configure:9331: $? = 0
configure:9343: result: yes
configure:9256: checking for readlink
configure:9313: gcc -o conftest -g -O2 -I$(srcdir)/libwc  -I/usr/include/openssl -I/usr/local/include  conftest.c -lm  -lgc >&5
/usr/local/lib/gcc/i386-unknown-openbsd3.8/4.0.2/../../../libgc.so.1.2: warning: sprintf() is often misused, please use snprintf()
configure:9319: $? = 0
configure:9322: test -z 			 || test ! -s conftest.err
configure:9325: $? = 0
configure:9328: test -s conftest
configure:9331: $? = 0
configure:9343: result: yes
configure:9256: checking for setenv
configure:9313: gcc -o conftest -g -O2 -I$(srcdir)/libwc  -I/usr/include/openssl -I/usr/local/include  conftest.c -lm  -lgc >&5
/usr/local/lib/gcc/i386-unknown-openbsd3.8/4.0.2/../../../libgc.so.1.2: warning: sprintf() is often misused, please use snprintf()
configure:9319: $? = 0
configure:9322: test -z 			 || test ! -s conftest.err
configure:9325: $? = 0
configure:9328: test -s conftest
configure:9331: $? = 0
configure:9343: result: yes
configure:9256: checking for putenv
configure:9313: gcc -o conftest -g -O2 -I$(srcdir)/libwc  -I/usr/include/openssl -I/usr/local/include  conftest.c -lm  -lgc >&5
/usr/local/lib/gcc/i386-unknown-openbsd3.8/4.0.2/../../../libgc.so.1.2: warning: sprintf() is often misused, please use snprintf()
configure:9319: $? = 0
configure:9322: test -z 			 || test ! -s conftest.err
configure:9325: $? = 0
configure:9328: test -s conftest
configure:9331: $? = 0
configure:9343: result: yes
configure:9256: checking for strtoll
configure:9313: gcc -o conftest -g -O2 -I$(srcdir)/libwc  -I/usr/include/openssl -I/usr/local/include  conftest.c -lm  -lgc >&5
/usr/local/lib/gcc/i386-unknown-openbsd3.8/4.0.2/../../../libgc.so.1.2: warning: sprintf() is often misused, please use snprintf()
configure:9319: $? = 0
configure:9322: test -z 			 || test ! -s conftest.err
configure:9325: $? = 0
configure:9328: test -s conftest
configure:9331: $? = 0
configure:9343: result: yes
configure:9256: checking for stroq
configure:9313: gcc -o conftest -g -O2 -I$(srcdir)/libwc  -I/usr/include/openssl -I/usr/local/include  conftest.c -lm  -lgc >&5
/usr/local/lib/gcc/i386-unknown-openbsd3.8/4.0.2/../../../libgc.so.1.2: warning: sprintf() is often misused, please use snprintf()
/tmp//cch30901.o(.text+0x14): In function `main':
/home/harrison/.emacs.d/pkgs/w3m-0.5/conftest.c:127: undefined reference to `stroq'
/tmp//cch30901.o(.data+0x0):/home/harrison/.emacs.d/pkgs/w3m-0.5/conftest.c:127: undefined reference to `stroq'
collect2: ld returned 1 exit status
configure:9319: $? = 1
configure: failed program was:
| /* confdefs.h.  */
| 
| #define PACKAGE_NAME "w3m"
| #define PACKAGE_TARNAME "w3m"
| #define PACKAGE_VERSION "0.4.2"
| #define PACKAGE_STRING "w3m 0.4.2"
| #define PACKAGE_BUGREPORT "ukai@debian.or.jp"
| #define PACKAGE "w3m"
| #define VERSION "0.4.2"
| #define W3M w3m
| #define W3M_TARGET i386-unknown-openbsd3.8
| #define USE_M17N 1
| #define USE_UNICODE 1
| #define W3M_LANG EN
| #define WCTARGET "libwc/libwc.a"
| #define WCCFLAGS "-DUSE_UNICODE -I$(srcdir) -I$(srcdir)/.."
| #define DISPLAY_CHARSET WC_CES_UTF_8
| #define SYSTEM_CHARSET WC_CES_UTF_8
| #define DOCUMENT_CHARSET WC_CES_UTF_8
| #define HAVE_ICONV 1
| #define ENABLE_NLS 1
| #define HAVE_GETTEXT 1
| #define HAVE_DCGETTEXT 1
| #define USE_COLOR 1
| #define USE_ANSI_COLOR 1
| #define USE_BG_COLOR 1
| #define INSTALL_W3MIMGDISPLAY $INSTALL_W3MIMGDISPLAY
| #define USE_IMAGE 1
| #define IMGTARGETS "$IMGTARGETS"
| #define IMGOBJS "$IMGOBJS"
| #define IMGX11CFLAGS "$IMGX11CFLAGS"
| #define IMGX11LDFLAGS "$IMGX11LDFLAGS"
| #define IMGFBCFLAGS "$IMGFBCFLAGS"
| #define IMGFBLDFLAGS "$IMGLDFLAGS"
| #define USE_XFACE 1
| #define HELP_FILE "w3mhelp-w3m_en.html"
| #define KEYBIND w3m
| #define USE_MENU 1
| #define USE_MOUSE 1
| #define USE_HISTORY 1
| #define USE_ALARM 1
| #define USE_COOKIE 1
| #define USE_DIGEST_AUTH 1
| #define USE_NNTP 1
| #define INET6 1
| #define USE_DICT 1
| #define USE_HELP_CGI 1
| #define USE_EXTERNAL_URI_LOADER 1
| #define USE_W3MMAILER 1
| #define DEF_MIGEMO_COMMAND "migemo -t egrep /usr/local/share/migemo/migemo-dict"
| #define DEF_EDITOR "/usr/bin/vi"
| #define DEF_MAILER "/usr/bin/mail"
| #define DEF_EXT_BROWSER "/usr/bin/mozilla"
| #define USE_SSL 1
| #define USE_SSL_VERIFY 1
| #define HAVE_LIBM 1
| #define STDC_HEADERS 1
| #define HAVE_SYS_TYPES_H 1
| #define HAVE_SYS_STAT_H 1
| #define HAVE_STDLIB_H 1
| #define HAVE_STRING_H 1
| #define HAVE_MEMORY_H 1
| #define HAVE_STRINGS_H 1
| #define HAVE_INTTYPES_H 1
| #define HAVE_UNISTD_H 1
| #define AUXBIN_TARGETS "$AUXBIN_TARGETS"
| #define HAVE_DIRENT_H 1
| #define STDC_HEADERS 1
| #define HAVE_SYS_WAIT_H 1
| #define HAVE_TERMIOS_H 1
| #define HAVE_LOCALE_H 1
| #define SIZEOF_LONG_LONG 8
| #define HAVE_STRCASECMP 1
| #define HAVE_STRCASESTR 1
| #define HAVE_STRCHR 1
| #define HAVE_MEMCPY 1
| #define HAVE_STRERROR 1
| #define HAVE_BCOPY 1
| #define HAVE_SETPGRP 1
| #define HAVE_CHDIR 1
| #define HAVE_GETCWD 1
| #define HAVE_GETWD 1
| #define HAVE_READLINK 1
| #define HAVE_SETENV 1
| #define HAVE_PUTENV 1
| #define HAVE_STRTOLL 1
| /* end confdefs.h.  */
| /* Define stroq to an innocuous variant, in case <limits.h> declares stroq.
|    For example, HP-UX 11i <limits.h> declares gettimeofday.  */
| #define stroq innocuous_stroq
| 
| /* System header to define __stub macros and hopefully few prototypes,
|     which can conflict with char stroq (); below.
|     Prefer <limits.h> to <assert.h> if __STDC__ is defined, since
|     <limits.h> exists even on freestanding compilers.  */
| 
| #ifdef __STDC__
| # include <limits.h>
| #else
| # include <assert.h>
| #endif
| 
| #undef stroq
| 
| /* Override any gcc2 internal prototype to avoid an error.  */
| #ifdef __cplusplus
| extern "C"
| {
| #endif
| /* We use char because int might match the return type of a gcc2
|    builtin and then its argument prototype would still apply.  */
| char stroq ();
| /* The GNU C library defines this for functions which it implements
|     to always fail with ENOSYS.  Some functions are actually named
|     something starting with __ and the normal name is an alias.  */
| #if defined (__stub_stroq) || defined (__stub___stroq)
| choke me
| #else
| char (*f) () = stroq;
| #endif
| #ifdef __cplusplus
| }
| #endif
| 
| int
| main ()
| {
| return f != stroq;
|   ;
|   return 0;
| }
configure:9343: result: no
configure:9256: checking for atoll
configure:9313: gcc -o conftest -g -O2 -I$(srcdir)/libwc  -I/usr/include/openssl -I/usr/local/include  conftest.c -lm  -lgc >&5
/usr/local/lib/gcc/i386-unknown-openbsd3.8/4.0.2/../../../libgc.so.1.2: warning: sprintf() is often misused, please use snprintf()
configure:9319: $? = 0
configure:9322: test -z 			 || test ! -s conftest.err
configure:9325: $? = 0
configure:9328: test -s conftest
configure:9331: $? = 0
configure:9343: result: yes
configure:9256: checking for atoq
configure:9313: gcc -o conftest -g -O2 -I$(srcdir)/libwc  -I/usr/include/openssl -I/usr/local/include  conftest.c -lm  -lgc >&5
/usr/local/lib/gcc/i386-unknown-openbsd3.8/4.0.2/../../../libgc.so.1.2: warning: sprintf() is often misused, please use snprintf()
/tmp//ccCh6805.o(.text+0x14): In function `main':
/home/harrison/.emacs.d/pkgs/w3m-0.5/conftest.c:128: undefined reference to `atoq'
/tmp//ccCh6805.o(.data+0x0):/home/harrison/.emacs.d/pkgs/w3m-0.5/conftest.c:128: undefined reference to `atoq'
collect2: ld returned 1 exit status
configure:9319: $? = 1
configure: failed program was:
| /* confdefs.h.  */
| 
| #define PACKAGE_NAME "w3m"
| #define PACKAGE_TARNAME "w3m"
| #define PACKAGE_VERSION "0.4.2"
| #define PACKAGE_STRING "w3m 0.4.2"
| #define PACKAGE_BUGREPORT "ukai@debian.or.jp"
| #define PACKAGE "w3m"
| #define VERSION "0.4.2"
| #define W3M w3m
| #define W3M_TARGET i386-unknown-openbsd3.8
| #define USE_M17N 1
| #define USE_UNICODE 1
| #define W3M_LANG EN
| #define WCTARGET "libwc/libwc.a"
| #define WCCFLAGS "-DUSE_UNICODE -I$(srcdir) -I$(srcdir)/.."
| #define DISPLAY_CHARSET WC_CES_UTF_8
| #define SYSTEM_CHARSET WC_CES_UTF_8
| #define DOCUMENT_CHARSET WC_CES_UTF_8
| #define HAVE_ICONV 1
| #define ENABLE_NLS 1
| #define HAVE_GETTEXT 1
| #define HAVE_DCGETTEXT 1
| #define USE_COLOR 1
| #define USE_ANSI_COLOR 1
| #define USE_BG_COLOR 1
| #define INSTALL_W3MIMGDISPLAY $INSTALL_W3MIMGDISPLAY
| #define USE_IMAGE 1
| #define IMGTARGETS "$IMGTARGETS"
| #define IMGOBJS "$IMGOBJS"
| #define IMGX11CFLAGS "$IMGX11CFLAGS"
| #define IMGX11LDFLAGS "$IMGX11LDFLAGS"
| #define IMGFBCFLAGS "$IMGFBCFLAGS"
| #define IMGFBLDFLAGS "$IMGLDFLAGS"
| #define USE_XFACE 1
| #define HELP_FILE "w3mhelp-w3m_en.html"
| #define KEYBIND w3m
| #define USE_MENU 1
| #define USE_MOUSE 1
| #define USE_HISTORY 1
| #define USE_ALARM 1
| #define USE_COOKIE 1
| #define USE_DIGEST_AUTH 1
| #define USE_NNTP 1
| #define INET6 1
| #define USE_DICT 1
| #define USE_HELP_CGI 1
| #define USE_EXTERNAL_URI_LOADER 1
| #define USE_W3MMAILER 1
| #define DEF_MIGEMO_COMMAND "migemo -t egrep /usr/local/share/migemo/migemo-dict"
| #define DEF_EDITOR "/usr/bin/vi"
| #define DEF_MAILER "/usr/bin/mail"
| #define DEF_EXT_BROWSER "/usr/bin/mozilla"
| #define USE_SSL 1
| #define USE_SSL_VERIFY 1
| #define HAVE_LIBM 1
| #define STDC_HEADERS 1
| #define HAVE_SYS_TYPES_H 1
| #define HAVE_SYS_STAT_H 1
| #define HAVE_STDLIB_H 1
| #define HAVE_STRING_H 1
| #define HAVE_MEMORY_H 1
| #define HAVE_STRINGS_H 1
| #define HAVE_INTTYPES_H 1
| #define HAVE_UNISTD_H 1
| #define AUXBIN_TARGETS "$AUXBIN_TARGETS"
| #define HAVE_DIRENT_H 1
| #define STDC_HEADERS 1
| #define HAVE_SYS_WAIT_H 1
| #define HAVE_TERMIOS_H 1
| #define HAVE_LOCALE_H 1
| #define SIZEOF_LONG_LONG 8
| #define HAVE_STRCASECMP 1
| #define HAVE_STRCASESTR 1
| #define HAVE_STRCHR 1
| #define HAVE_MEMCPY 1
| #define HAVE_STRERROR 1
| #define HAVE_BCOPY 1
| #define HAVE_SETPGRP 1
| #define HAVE_CHDIR 1
| #define HAVE_GETCWD 1
| #define HAVE_GETWD 1
| #define HAVE_READLINK 1
| #define HAVE_SETENV 1
| #define HAVE_PUTENV 1
| #define HAVE_STRTOLL 1
| #define HAVE_ATOLL 1
| /* end confdefs.h.  */
| /* Define atoq to an innocuous variant, in case <limits.h> declares atoq.
|    For example, HP-UX 11i <limits.h> declares gettimeofday.  */
| #define atoq innocuous_atoq
| 
| /* System header to define __stub macros and hopefully few prototypes,
|     which can conflict with char atoq (); below.
|     Prefer <limits.h> to <assert.h> if __STDC__ is defined, since
|     <limits.h> exists even on freestanding compilers.  */
| 
| #ifdef __STDC__
| # include <limits.h>
| #else
| # include <assert.h>
| #endif
| 
| #undef atoq
| 
| /* Override any gcc2 internal prototype to avoid an error.  */
| #ifdef __cplusplus
| extern "C"
| {
| #endif
| /* We use char because int might match the return type of a gcc2
|    builtin and then its argument prototype would still apply.  */
| char atoq ();
| /* The GNU C library defines this for functions which it implements
|     to always fail with ENOSYS.  Some functions are actually named
|     something starting with __ and the normal name is an alias.  */
| #if defined (__stub_atoq) || defined (__stub___atoq)
| choke me
| #else
| char (*f) () = atoq;
| #endif
| #ifdef __cplusplus
| }
| #endif
| 
| int
| main ()
| {
| return f != atoq;
|   ;
|   return 0;
| }
configure:9343: result: no
configure:9256: checking for symlink
configure:9313: gcc -o conftest -g -O2 -I$(srcdir)/libwc  -I/usr/include/openssl -I/usr/local/include  conftest.c -lm  -lgc >&5
/usr/local/lib/gcc/i386-unknown-openbsd3.8/4.0.2/../../../libgc.so.1.2: warning: sprintf() is often misused, please use snprintf()
configure:9319: $? = 0
configure:9322: test -z 			 || test ! -s conftest.err
configure:9325: $? = 0
configure:9328: test -s conftest
configure:9331: $? = 0
configure:9343: result: yes
configure:9256: checking for readlink
configure:9343: result: yes
configure:9256: checking for lstat
configure:9313: gcc -o conftest -g -O2 -I$(srcdir)/libwc  -I/usr/include/openssl -I/usr/local/include  conftest.c -lm  -lgc >&5
/usr/local/lib/gcc/i386-unknown-openbsd3.8/4.0.2/../../../libgc.so.1.2: warning: sprintf() is often misused, please use snprintf()
configure:9319: $? = 0
configure:9322: test -z 			 || test ! -s conftest.err
configure:9325: $? = 0
configure:9328: test -s conftest
configure:9331: $? = 0
configure:9343: result: yes
configure:9256: checking for srand48
configure:9313: gcc -o conftest -g -O2 -I$(srcdir)/libwc  -I/usr/include/openssl -I/usr/local/include  conftest.c -lm  -lgc >&5
/usr/local/lib/gcc/i386-unknown-openbsd3.8/4.0.2/../../../libgc.so.1.2: warning: sprintf() is often misused, please use snprintf()
configure:9319: $? = 0
configure:9322: test -z 			 || test ! -s conftest.err
configure:9325: $? = 0
configure:9328: test -s conftest
configure:9331: $? = 0
configure:9343: result: yes
configure:9256: checking for srandom
configure:9313: gcc -o conftest -g -O2 -I$(srcdir)/libwc  -I/usr/include/openssl -I/usr/local/include  conftest.c -lm  -lgc >&5
/usr/local/lib/gcc/i386-unknown-openbsd3.8/4.0.2/../../../libgc.so.1.2: warning: sprintf() is often misused, please use snprintf()
configure:9319: $? = 0
configure:9322: test -z 			 || test ! -s conftest.err
configure:9325: $? = 0
configure:9328: test -s conftest
configure:9331: $? = 0
configure:9343: result: yes
configure:9256: checking for getpassphrase
configure:9313: gcc -o conftest -g -O2 -I$(srcdir)/libwc  -I/usr/include/openssl -I/usr/local/include  conftest.c -lm  -lgc >&5
/usr/local/lib/gcc/i386-unknown-openbsd3.8/4.0.2/../../../libgc.so.1.2: warning: sprintf() is often misused, please use snprintf()
/tmp//ccak3912.o(.text+0x14): In function `main':
/home/harrison/.emacs.d/pkgs/w3m-0.5/conftest.c:133: undefined reference to `getpassphrase'
/tmp//ccak3912.o(.data+0x0):/home/harrison/.emacs.d/pkgs/w3m-0.5/conftest.c:133: undefined reference to `getpassphrase'
collect2: ld returned 1 exit status
configure:9319: $? = 1
configure: failed program was:
| /* confdefs.h.  */
| 
| #define PACKAGE_NAME "w3m"
| #define PACKAGE_TARNAME "w3m"
| #define PACKAGE_VERSION "0.4.2"
| #define PACKAGE_STRING "w3m 0.4.2"
| #define PACKAGE_BUGREPORT "ukai@debian.or.jp"
| #define PACKAGE "w3m"
| #define VERSION "0.4.2"
| #define W3M w3m
| #define W3M_TARGET i386-unknown-openbsd3.8
| #define USE_M17N 1
| #define USE_UNICODE 1
| #define W3M_LANG EN
| #define WCTARGET "libwc/libwc.a"
| #define WCCFLAGS "-DUSE_UNICODE -I$(srcdir) -I$(srcdir)/.."
| #define DISPLAY_CHARSET WC_CES_UTF_8
| #define SYSTEM_CHARSET WC_CES_UTF_8
| #define DOCUMENT_CHARSET WC_CES_UTF_8
| #define HAVE_ICONV 1
| #define ENABLE_NLS 1
| #define HAVE_GETTEXT 1
| #define HAVE_DCGETTEXT 1
| #define USE_COLOR 1
| #define USE_ANSI_COLOR 1
| #define USE_BG_COLOR 1
| #define INSTALL_W3MIMGDISPLAY $INSTALL_W3MIMGDISPLAY
| #define USE_IMAGE 1
| #define IMGTARGETS "$IMGTARGETS"
| #define IMGOBJS "$IMGOBJS"
| #define IMGX11CFLAGS "$IMGX11CFLAGS"
| #define IMGX11LDFLAGS "$IMGX11LDFLAGS"
| #define IMGFBCFLAGS "$IMGFBCFLAGS"
| #define IMGFBLDFLAGS "$IMGLDFLAGS"
| #define USE_XFACE 1
| #define HELP_FILE "w3mhelp-w3m_en.html"
| #define KEYBIND w3m
| #define USE_MENU 1
| #define USE_MOUSE 1
| #define USE_HISTORY 1
| #define USE_ALARM 1
| #define USE_COOKIE 1
| #define USE_DIGEST_AUTH 1
| #define USE_NNTP 1
| #define INET6 1
| #define USE_DICT 1
| #define USE_HELP_CGI 1
| #define USE_EXTERNAL_URI_LOADER 1
| #define USE_W3MMAILER 1
| #define DEF_MIGEMO_COMMAND "migemo -t egrep /usr/local/share/migemo/migemo-dict"
| #define DEF_EDITOR "/usr/bin/vi"
| #define DEF_MAILER "/usr/bin/mail"
| #define DEF_EXT_BROWSER "/usr/bin/mozilla"
| #define USE_SSL 1
| #define USE_SSL_VERIFY 1
| #define HAVE_LIBM 1
| #define STDC_HEADERS 1
| #define HAVE_SYS_TYPES_H 1
| #define HAVE_SYS_STAT_H 1
| #define HAVE_STDLIB_H 1
| #define HAVE_STRING_H 1
| #define HAVE_MEMORY_H 1
| #define HAVE_STRINGS_H 1
| #define HAVE_INTTYPES_H 1
| #define HAVE_UNISTD_H 1
| #define AUXBIN_TARGETS "$AUXBIN_TARGETS"
| #define HAVE_DIRENT_H 1
| #define STDC_HEADERS 1
| #define HAVE_SYS_WAIT_H 1
| #define HAVE_TERMIOS_H 1
| #define HAVE_LOCALE_H 1
| #define SIZEOF_LONG_LONG 8
| #define HAVE_STRCASECMP 1
| #define HAVE_STRCASESTR 1
| #define HAVE_STRCHR 1
| #define HAVE_MEMCPY 1
| #define HAVE_STRERROR 1
| #define HAVE_BCOPY 1
| #define HAVE_SETPGRP 1
| #define HAVE_CHDIR 1
| #define HAVE_GETCWD 1
| #define HAVE_GETWD 1
| #define HAVE_READLINK 1
| #define HAVE_SETENV 1
| #define HAVE_PUTENV 1
| #define HAVE_STRTOLL 1
| #define HAVE_ATOLL 1
| #define HAVE_SYMLINK 1
| #define HAVE_READLINK 1
| #define HAVE_LSTAT 1
| #define HAVE_SRAND48 1
| #define HAVE_SRANDOM 1
| /* end confdefs.h.  */
| /* Define getpassphrase to an innocuous variant, in case <limits.h> declares getpassphrase.
|    For example, HP-UX 11i <limits.h> declares gettimeofday.  */
| #define getpassphrase innocuous_getpassphrase
| 
| /* System header to define __stub macros and hopefully few prototypes,
|     which can conflict with char getpassphrase (); below.
|     Prefer <limits.h> to <assert.h> if __STDC__ is defined, since
|     <limits.h> exists even on freestanding compilers.  */
| 
| #ifdef __STDC__
| # include <limits.h>
| #else
| # include <assert.h>
| #endif
| 
| #undef getpassphrase
| 
| /* Override any gcc2 internal prototype to avoid an error.  */
| #ifdef __cplusplus
| extern "C"
| {
| #endif
| /* We use char because int might match the return type of a gcc2
|    builtin and then its argument prototype would still apply.  */
| char getpassphrase ();
| /* The GNU C library defines this for functions which it implements
|     to always fail with ENOSYS.  Some functions are actually named
|     something starting with __ and the normal name is an alias.  */
| #if defined (__stub_getpassphrase) || defined (__stub___getpassphrase)
| choke me
| #else
| char (*f) () = getpassphrase;
| #endif
| #ifdef __cplusplus
| }
| #endif
| 
| int
| main ()
| {
| return f != getpassphrase;
|   ;
|   return 0;
| }
configure:9343: result: no
configure:9256: checking for waitpid
configure:9313: gcc -o conftest -g -O2 -I$(srcdir)/libwc  -I/usr/include/openssl -I/usr/local/include  conftest.c -lm  -lgc >&5
/usr/local/lib/gcc/i386-unknown-openbsd3.8/4.0.2/../../../libgc.so.1.2: warning: sprintf() is often misused, please use snprintf()
configure:9319: $? = 0
configure:9322: test -z 			 || test ! -s conftest.err
configure:9325: $? = 0
configure:9328: test -s conftest
configure:9331: $? = 0
configure:9343: result: yes
configure:9256: checking for setlocale
configure:9313: gcc -o conftest -g -O2 -I$(srcdir)/libwc  -I/usr/include/openssl -I/usr/local/include  conftest.c -lm  -lgc >&5
/usr/local/lib/gcc/i386-unknown-openbsd3.8/4.0.2/../../../libgc.so.1.2: warning: sprintf() is often misused, please use snprintf()
configure:9319: $? = 0
configure:9322: test -z 			 || test ! -s conftest.err
configure:9325: $? = 0
configure:9328: test -s conftest
configure:9331: $? = 0
configure:9343: result: yes
configure:9357: checking for strftime
configure:9414: gcc -o conftest -g -O2 -I$(srcdir)/libwc  -I/usr/include/openssl -I/usr/local/include  conftest.c -lm  -lgc >&5
conftest.c:120: warning: conflicting types for built-in function 'strftime'
/usr/local/lib/gcc/i386-unknown-openbsd3.8/4.0.2/../../../libgc.so.1.2: warning: sprintf() is often misused, please use snprintf()
configure:9420: $? = 0
configure:9423: test -z 			 || test ! -s conftest.err
configure:9426: $? = 0
configure:9429: test -s conftest
configure:9432: $? = 0
configure:9444: result: yes
configure:9527: checking for wait3 that fills in rusage
configure:9578: gcc -o conftest -g -O2 -I$(srcdir)/libwc  -I/usr/include/openssl -I/usr/local/include  conftest.c -lm  -lgc >&5
conftest.c: In function 'main':
conftest.c:119: warning: incompatible implicit declaration of built-in function '_exit'
conftest.c:128: warning: incompatible implicit declaration of built-in function 'exit'
/usr/local/lib/gcc/i386-unknown-openbsd3.8/4.0.2/../../../libgc.so.1.2: warning: sprintf() is often misused, please use snprintf()
configure:9581: $? = 0
configure:9583: ./conftest
configure:9586: $? = 0
configure:9600: result: yes
configure:9610: checking whether setpgrp takes no argument
configure:9642: gcc -o conftest -g -O2 -I$(srcdir)/libwc  -I/usr/include/openssl -I/usr/local/include  conftest.c -lm  -lgc >&5
conftest.c: In function 'main':
conftest.c:108: warning: incompatible implicit declaration of built-in function 'exit'
/usr/local/lib/gcc/i386-unknown-openbsd3.8/4.0.2/../../../libgc.so.1.2: warning: sprintf() is often misused, please use snprintf()
configure:9645: $? = 0
configure:9647: ./conftest
configure:9650: $? = 0
configure:9664: result: no
configure:9675: checking for sys_errlist
configure:9693: gcc -c -g -O2 -I$(srcdir)/libwc  -I/usr/include/openssl -I/usr/local/include conftest.c >&5
conftest.c: In function 'main':
conftest.c:102: warning: incompatible implicit declaration of built-in function 'printf'
configure:9699: $? = 0
configure:9702: test -z 			 || test ! -s conftest.err
configure:9705: $? = 0
configure:9708: test -s conftest.o
configure:9711: $? = 0
configure:9724: result: yes
configure:9727: checking for sigsetjmp
configure:9746: gcc -c -g -O2 -I$(srcdir)/libwc  -I/usr/include/openssl -I/usr/local/include conftest.c >&5
conftest.c: In function 'main':
conftest.c:104: warning: incompatible implicit declaration of built-in function 'exit'
configure:9752: $? = 0
configure:9755: test -z 			 || test ! -s conftest.err
configure:9758: $? = 0
configure:9761: test -s conftest.o
configure:9764: $? = 0
configure:9777: result: yes
configure:9779: checking return type of signal handlers
configure:9810: gcc -c -g -O2 -I$(srcdir)/libwc  -I/usr/include/openssl -I/usr/local/include conftest.c >&5
configure:9816: $? = 0
configure:9819: test -z 			 || test ! -s conftest.err
configure:9822: $? = 0
configure:9825: test -s conftest.o
configure:9828: $? = 0
configure:9839: result: void
configure:9980: creating ./config.status

## ---------------------- ##
## Running config.status. ##
## ---------------------- ##

This file was extended by w3m config.status 0.4.2, which was
generated by GNU Autoconf 2.59.  Invocation command line was

  CONFIG_FILES    = 
  CONFIG_HEADERS  = 
  CONFIG_LINKS    = 
  CONFIG_COMMANDS = 
  $ ./config.status 

on ob38.workgroup.local

config.status:834: creating Makefile
config.status:834: creating posubst
config.status:834: creating po/Makefile.in
config.status:834: creating scripts/Makefile
config.status:834: creating scripts/dirlist.cgi
config.status:834: creating scripts/w3mhelp.cgi
config.status:834: creating scripts/w3mmail.cgi
config.status:834: creating scripts/xface2xpm
config.status:834: creating scripts/multipart/Makefile
config.status:834: creating scripts/multipart/multipart.cgi
config.status:834: creating scripts/w3mman/Makefile
config.status:834: creating scripts/w3mman/w3mman
config.status:834: creating scripts/w3mman/w3mman.1
config.status:834: creating scripts/w3mman/w3mman2html.cgi
config.status:834: creating libwc/Makefile
config.status:834: creating w3mimg/Makefile
config.status:834: creating w3mimg/fb/Makefile
config.status:834: creating w3mimg/x11/Makefile
config.status:834: creating w3mhelp-w3m_en.html
config.status:834: creating w3mhelp-w3m_ja.html
config.status:834: creating w3mhelp-lynx_en.html
config.status:834: creating w3mhelp-lynx_ja.html
config.status:900: creating config.h
config.status:1210: config.h is unchanged
config.status:1368: executing default-1 commands

## ---------------- ##
## Cache variables. ##
## ---------------- ##

ac_cv_build=i386-unknown-openbsd3.8
ac_cv_build_alias=i386-unknown-openbsd3.8
ac_cv_c_compiler_gnu=yes
ac_cv_env_CC_set=
ac_cv_env_CC_value=
ac_cv_env_CFLAGS_set=
ac_cv_env_CFLAGS_value=
ac_cv_env_CPPFLAGS_set=
ac_cv_env_CPPFLAGS_value=
ac_cv_env_CPP_set=
ac_cv_env_CPP_value=
ac_cv_env_LDFLAGS_set=
ac_cv_env_LDFLAGS_value=
ac_cv_env_build_alias_set=
ac_cv_env_build_alias_value=
ac_cv_env_host_alias_set=
ac_cv_env_host_alias_value=
ac_cv_env_target_alias_set=
ac_cv_env_target_alias_value=
ac_cv_exeext=
ac_cv_func_atoll=yes
ac_cv_func_atoq=no
ac_cv_func_bcopy=yes
ac_cv_func_chdir=yes
ac_cv_func_getaddrinfo=yes
ac_cv_func_getcwd=yes
ac_cv_func_getpassphrase=no
ac_cv_func_getwd=yes
ac_cv_func_lstat=yes
ac_cv_func_memcpy=yes
ac_cv_func_putenv=yes
ac_cv_func_readlink=yes
ac_cv_func_setenv=yes
ac_cv_func_setlocale=yes
ac_cv_func_setpgrp=yes
ac_cv_func_setpgrp_void=no
ac_cv_func_sqrt=no
ac_cv_func_srand48=yes
ac_cv_func_srandom=yes
ac_cv_func_strcasecmp=yes
ac_cv_func_strcasestr=yes
ac_cv_func_strchr=yes
ac_cv_func_strerror=yes
ac_cv_func_strftime=yes
ac_cv_func_stroq=no
ac_cv_func_strtoll=yes
ac_cv_func_symlink=yes
ac_cv_func_wait3_rusage=yes
ac_cv_func_waitpid=yes
ac_cv_header_dirent_dirent_h=yes
ac_cv_header_float_h=yes
ac_cv_header_gc_h=yes
ac_cv_header_inttypes_h=yes
ac_cv_header_locale_h=yes
ac_cv_header_memory_h=yes
ac_cv_header_stdc=yes
ac_cv_header_stdint_h=no
ac_cv_header_stdlib_h=yes
ac_cv_header_string_h=yes
ac_cv_header_strings_h=yes
ac_cv_header_sys_select_h=yes
ac_cv_header_sys_stat_h=yes
ac_cv_header_sys_types_h=yes
ac_cv_header_sys_wait_h=yes
ac_cv_header_termios_h=yes
ac_cv_header_unistd_h=yes
ac_cv_host=i386-unknown-openbsd3.8
ac_cv_host_alias=i386-unknown-openbsd3.8
ac_cv_lib_gc_GC_init=yes
ac_cv_lib_gpm_Gpm_Open=no
ac_cv_lib_m_sqrt=yes
ac_cv_lib_mytinfo___tgetent=no
ac_cv_lib_ssl_SSL_new=yes
ac_cv_lib_terminfo___tgetent=no
ac_cv_lib_termlib___tgetent=yes
ac_cv_lib_z_zError=yes
ac_cv_objext=o
ac_cv_path_GMSGFMT=/usr/local/bin/msgfmt
ac_cv_path_MAN=/usr/bin/man
ac_cv_path_MSGFMT=/usr/local/bin/msgfmt
ac_cv_path_MSGMERGE=:
ac_cv_path_PERL=/usr/bin/perl
ac_cv_path_PKG_CONFIG=no
ac_cv_path_XGETTEXT=:
ac_cv_path_install='/usr/bin/install -c'
ac_cv_prog_AWK=nawk
ac_cv_prog_CPP='gcc -E'
ac_cv_prog_ac_ct_CC=gcc
ac_cv_prog_ac_ct_RANLIB=ranlib
ac_cv_prog_cc_g=yes
ac_cv_prog_cc_stdc=
ac_cv_prog_egrep='grep -E'
ac_cv_prog_make_make_set=yes
ac_cv_prog_uncompface=no
ac_cv_search_opendir='none required'
ac_cv_sizeof_long_long=8
ac_cv_target=i386-unknown-openbsd3.8
ac_cv_target_alias=i386-unknown-openbsd3.8
ac_cv_type_long_long=yes
ac_cv_type_signal=void
acl_cv_hardcode_direct=yes
acl_cv_hardcode_libdir_flag_spec='${wl}-rpath,$libdir'
acl_cv_hardcode_libdir_separator=
acl_cv_hardcode_minus_L=no
acl_cv_libext=a
acl_cv_path_LD=/usr/bin/ld
acl_cv_prog_gnu_ld=yes
acl_cv_rpath=done
acl_cv_shlibext=so
acl_cv_wl=-Wl,
am_cv_func_iconv=yes
am_cv_lib_iconv=yes
gt_cv_func_gnugettext1_libc=no
gt_cv_func_gnugettext1_libintl=yes

## ----------------- ##
## Output variables. ##
## ----------------- ##

AUXBIN_TARGETS=' w3mimgdisplay$(EXT) inflate$(EXT)'
AWK='nawk'
CC='gcc'
CFLAGS='-g -O2 -I$(srcdir)/libwc  -I/usr/include/openssl'
CPP='gcc -E'
CPPFLAGS='-I/usr/local/include'
CURRENT_VERSION='0.5'
DEFS='-DHAVE_CONFIG_H'
DEF_EDITOR=''
DEF_EXT_BROWSER=''
DEF_MAILER=''
DEF_MIGEMO_COMMAND=''
DISPLAY_CHARSET=''
DOCDIRS='doc:en_English doc-jp:ja_Japanese'
DOCUMENT_CHARSET=''
ECHO_C=''ECHO_N=''
ECHO_T=''
EGREP='grep -E'
EXEEXT=''
GMSGFMT='/usr/local/bin/msgfmt'
HAVE_OLD_SS_FAMILY=''
HAVE_SIGSETJMP=''
HAVE_SYS_ERRLIST=''
HELP_DIR='${prefix}/share/w3m'
HELP_FILE='w3mhelp-w3m_en.html'
IMGFBCFLAGS=''
IMGFBLDFLAGS=''
IMGOBJS='w3mimg.o'
IMGTARGETS=''
IMGX11CFLAGS=''
IMGX11LDFLAGS=''
INET6=''
INSTALL_DATA='${INSTALL} -m 644'
INSTALL_PROGRAM='${INSTALL}'
INSTALL_SCRIPT='${INSTALL}'
INSTALL_W3MIMGDISPLAY='${INSTALL_PROGRAM}'
INTLLIBS='/usr/local/lib/libintl.a -L/usr/local/lib /usr/local/lib/libiconv.a'
INTLTARGET=''
KEYBIND=''
KEYMAP_FILE='keybind'
LDFLAGS=''
LIBICONV='/usr/local/lib/libiconv.a'
LIBINTL='/usr/local/lib/libintl.a -L/usr/local/lib /usr/local/lib/libiconv.a'
LIBOBJS=''
LIBS='-lm  -lgc'
LN_S='ln -s'
LTLIBICONV='-L/usr/local/lib -liconv'
LTLIBINTL='-L/usr/local/lib -lintl -L/usr/local/lib -liconv'
LTLIBOBJS=''
MAN='/usr/bin/man'
MKINSTALLDIRS='$(top_builddir)/./mkinstalldirs'
MSGFMT='/usr/local/bin/msgfmt'
MSGMERGE=':'
NKF='/usr/local/bin/nkf'
NLSTARGET='po'
OBJEXT='o'
PACKAGE='w3m'
PACKAGE_BUGREPORT='ukai@debian.or.jp'
PACKAGE_NAME='w3m'
PACKAGE_STRING='w3m 0.4.2'
PACKAGE_TARNAME='w3m'
PACKAGE_VERSION='0.4.2'
PATH_SEPARATOR=':'
PERL='/usr/bin/perl'
PKG_CONFIG='no'
POLANG=''
POSUB='po'
POSUBST=''
RANLIB='ranlib'
RC_DIR='~/.w3m'
RETSIGTYPE=''
SET_MAKE=''
SHELL='/bin/sh'
SIGNAL_RETURN=''
SSL_CFLAGS=' -I/usr/include/openssl'
SSL_LIBS=''
SYSTEM_CHARSET=''
USE_ALARM=''
USE_ANSI_COLOR=''
USE_BG_COLOR=''
USE_BINMODE_STREAM=''
USE_COLOR=''
USE_COOKIE=''
USE_DICT=''
USE_DIGEST_AUTH=''
USE_EXTERNAL_URI_LOADER=''
USE_GDKPIXBUF=''
USE_GOPHER=''
USE_HELP_CGI=''
USE_HISTORY=''
USE_IMAGE=''
USE_IMLIB2=''
USE_IMLIB=''
USE_M17N=''
USE_MENU=''
USE_MIGEMO=''
USE_MOUSE=''
USE_NLS='yes'
USE_NNTP=''
USE_SSL=''
USE_SSL_VERIFY=''
USE_SYSMOUSE=''
USE_UNICODE=''
USE_W3M=''
USE_W3MIMG_FB=''
USE_W3MIMG_X11=''
USE_W3MMAILER=''
USE_XFACE=''
VERSION='0.4.2'
W3M='w3m'
W3MIMGDISPLAY_SETUID=''
W3M_LANG='EN'
W3M_LIBS=' -L./libwc -lwc  -lssl -lcrypto -ltermlib'
W3M_TARGET='i386-unknown-openbsd3.8'
WCCFLAGS='-DUSE_UNICODE -I$(srcdir) -I$(srcdir)/..'
WCTARGET='libwc/libwc.a'
XGETTEXT=':'
ac_ct_CC='gcc'
ac_ct_RANLIB='ranlib'
bindir='${exec_prefix}/bin'
build='i386-unknown-openbsd3.8'
build_alias=''
build_cpu='i386'
build_os='openbsd3.8'
build_vendor='unknown'
datadir='${prefix}/share'
exec_prefix='${prefix}'
host='i386-unknown-openbsd3.8'
host_alias=''
host_cpu='i386'
host_os='openbsd3.8'
host_vendor='unknown'
includedir='${prefix}/include'
infodir='${prefix}/info'
libdir='${exec_prefix}/lib'
libexecdir='${exec_prefix}/libexec'
localstatedir='${prefix}/var'
mandir='${prefix}/man'
oldincludedir='/usr/include'
prefix='/usr/local'
program_transform_name='s,x,x,'
sbindir='${exec_prefix}/sbin'
sharedstatedir='${prefix}/com'
sysconfdir='${prefix}/etc'
target='i386-unknown-openbsd3.8'
target_alias=''
target_cpu='i386'
target_os='openbsd3.8'
target_vendor='unknown'
uncompface='no'

## ----------- ##
## confdefs.h. ##
## ----------- ##

#define AUXBIN_TARGETS "$AUXBIN_TARGETS"
#define DEF_EDITOR "/usr/bin/vi"
#define DEF_EXT_BROWSER "/usr/bin/mozilla"
#define DEF_MAILER "/usr/bin/mail"
#define DEF_MIGEMO_COMMAND "migemo -t egrep /usr/local/share/migemo/migemo-dict"
#define DISPLAY_CHARSET WC_CES_UTF_8
#define DOCDIRS "doc:en_English doc-jp:ja_Japanese"
#define DOCUMENT_CHARSET WC_CES_UTF_8
#define ENABLE_NLS 1
#define HAVE_ATOLL 1
#define HAVE_BCOPY 1
#define HAVE_CHDIR 1
#define HAVE_DCGETTEXT 1
#define HAVE_DIRENT_H 1
#define HAVE_GETCWD 1
#define HAVE_GETTEXT 1
#define HAVE_GETWD 1
#define HAVE_ICONV 1
#define HAVE_INTTYPES_H 1
#define HAVE_LIBM 1
#define HAVE_LOCALE_H 1
#define HAVE_LSTAT 1
#define HAVE_MEMCPY 1
#define HAVE_MEMORY_H 1
#define HAVE_PUTENV 1
#define HAVE_READLINK 1
#define HAVE_READLINK 1
#define HAVE_SETENV 1
#define HAVE_SETLOCALE 1
#define HAVE_SETPGRP 1
#define HAVE_SIGSETJMP 1
#define HAVE_SRAND48 1
#define HAVE_SRANDOM 1
#define HAVE_STDLIB_H 1
#define HAVE_STRCASECMP 1
#define HAVE_STRCASESTR 1
#define HAVE_STRCHR 1
#define HAVE_STRERROR 1
#define HAVE_STRFTIME 1
#define HAVE_STRINGS_H 1
#define HAVE_STRING_H 1
#define HAVE_STRTOLL 1
#define HAVE_SYMLINK 1
#define HAVE_SYS_ERRLIST 1
#define HAVE_SYS_STAT_H 1
#define HAVE_SYS_TYPES_H 1
#define HAVE_SYS_WAIT_H 1
#define HAVE_TERMIOS_H 1
#define HAVE_UNISTD_H 1
#define HAVE_WAIT3 1
#define HAVE_WAITPID 1
#define HELP_DIR "$HELP_DIR"
#define HELP_FILE "w3mhelp-w3m_en.html"
#define IMGFBCFLAGS "$IMGFBCFLAGS"
#define IMGFBLDFLAGS "$IMGLDFLAGS"
#define IMGOBJS "$IMGOBJS"
#define IMGTARGETS "$IMGTARGETS"
#define IMGX11CFLAGS "$IMGX11CFLAGS"
#define IMGX11LDFLAGS "$IMGX11LDFLAGS"
#define INET6 1
#define INSTALL_W3MIMGDISPLAY $INSTALL_W3MIMGDISPLAY
#define KEYBIND w3m
#define PACKAGE "w3m"
#define PACKAGE_BUGREPORT "ukai@debian.or.jp"
#define PACKAGE_NAME "w3m"
#define PACKAGE_STRING "w3m 0.4.2"
#define PACKAGE_TARNAME "w3m"
#define PACKAGE_VERSION "0.4.2"
#define RC_DIR "$RC_DIR"
#define RETSIGTYPE void
#define SIGNAL_RETURN return
#define SIZEOF_LONG_LONG 8
#define STDC_HEADERS 1
#define STDC_HEADERS 1
#define SYSTEM_CHARSET WC_CES_UTF_8
#define USE_ALARM 1
#define USE_ANSI_COLOR 1
#define USE_BG_COLOR 1
#define USE_COLOR 1
#define USE_COOKIE 1
#define USE_DICT 1
#define USE_DIGEST_AUTH 1
#define USE_EXTERNAL_URI_LOADER 1
#define USE_HELP_CGI 1
#define USE_HISTORY 1
#define USE_IMAGE 1
#define USE_M17N 1
#define USE_MENU 1
#define USE_MOUSE 1
#define USE_NNTP 1
#define USE_SSL 1
#define USE_SSL_VERIFY 1
#define USE_UNICODE 1
#define USE_W3MMAILER 1
#define USE_XFACE 1
#define VERSION "0.4.2"
#define W3M w3m
#define W3M_LANG EN
#define W3M_TARGET i386-unknown-openbsd3.8
#define WCCFLAGS "-DUSE_UNICODE -I$(srcdir) -I$(srcdir)/.."
#define WCTARGET "libwc/libwc.a"

configure: exit 0
